[4.154s] Invoking command in '/home/user/ros2_ws/src/map_server': PYTHONPATH=/home/user/ros2_ws/build/map_server/prefix_override:/home/user/ros2_ws/install/map_server/lib/python3.10/site-packages:${PYTHONPATH} _=/usr/bin/env /usr/bin/python3 setup.py egg_info --egg-base ../../build/map_server build --build-base /home/user/ros2_ws/build/map_server/build install --record /home/user/ros2_ws/build/map_server/install.log --single-version-externally-managed
[5.245s] running egg_info
[5.247s] writing ../../build/map_server/map_server.egg-info/PKG-INFO
[5.247s] writing dependency_links to ../../build/map_server/map_server.egg-info/dependency_links.txt
[5.247s] writing entry points to ../../build/map_server/map_server.egg-info/entry_points.txt
[5.248s] writing requirements to ../../build/map_server/map_server.egg-info/requires.txt
[5.248s] writing top-level names to ../../build/map_server/map_server.egg-info/top_level.txt
[5.251s] reading manifest file '../../build/map_server/map_server.egg-info/SOURCES.txt'
[5.252s] writing manifest file '../../build/map_server/map_server.egg-info/SOURCES.txt'
[5.253s] running build
[5.253s] running build_py
[5.253s] running install
[5.253s] /usr/lib/python3/dist-packages/setuptools/command/install.py:34: SetuptoolsDeprecationWarning: setup.py install is deprecated. Use build and pip and other standards-based tools.
[5.253s]   warnings.warn(
[5.253s] running install_lib
[5.255s] running install_data
[5.256s] copying config/turtlebot_area_two_robots.pgm -> /home/user/ros2_ws/install/map_server/share/map_server/config
[5.256s] copying config/turtlebot_area_two_robots.yaml -> /home/user/ros2_ws/install/map_server/share/map_server/config
[5.257s] copying config/turtlebot_area_two_robots_clean.yaml -> /home/user/ros2_ws/install/map_server/share/map_server/config
[5.257s] copying config/turtlebot_area_two_robots_clean.pgm -> /home/user/ros2_ws/install/map_server/share/map_server/config
[5.257s] running install_egg_info
[5.259s] removing '/home/user/ros2_ws/install/map_server/lib/python3.10/site-packages/map_server-0.0.0-py3.10.egg-info' (and everything under it)
[5.261s] Copying ../../build/map_server/map_server.egg-info to /home/user/ros2_ws/install/map_server/lib/python3.10/site-packages/map_server-0.0.0-py3.10.egg-info
[5.264s] running install_scripts
[5.370s] writing list of installed files to '/home/user/ros2_ws/build/map_server/install.log'
[5.457s] Invoked command in '/home/user/ros2_ws/src/map_server' returned '0': PYTHONPATH=/home/user/ros2_ws/build/map_server/prefix_override:/home/user/ros2_ws/install/map_server/lib/python3.10/site-packages:${PYTHONPATH} _=/usr/bin/env /usr/bin/python3 setup.py egg_info --egg-base ../../build/map_server build --build-base /home/user/ros2_ws/build/map_server/build install --record /home/user/ros2_ws/build/map_server/install.log --single-version-externally-managed
