[0.828s] Invoking command in '/home/user/ros2_ws/src/map_server': PYTHONPATH=/home/user/ros2_ws/build/map_server/prefix_override:/home/user/ros2_ws/install/map_server/lib/python3.10/site-packages:${PYTHONPATH} _=/usr/bin/env /usr/bin/python3 setup.py egg_info --egg-base ../../build/map_server build --build-base /home/user/ros2_ws/build/map_server/build install --record /home/user/ros2_ws/build/map_server/install.log --single-version-externally-managed
[1.091s] running egg_info
[1.092s] creating ../../build/map_server/map_server.egg-info
[1.092s] writing ../../build/map_server/map_server.egg-info/PKG-INFO
[1.092s] writing dependency_links to ../../build/map_server/map_server.egg-info/dependency_links.txt
[1.092s] writing entry points to ../../build/map_server/map_server.egg-info/entry_points.txt
[1.092s] writing requirements to ../../build/map_server/map_server.egg-info/requires.txt
[1.093s] writing top-level names to ../../build/map_server/map_server.egg-info/top_level.txt
[1.093s] writing manifest file '../../build/map_server/map_server.egg-info/SOURCES.txt'
[1.094s] reading manifest file '../../build/map_server/map_server.egg-info/SOURCES.txt'
[1.095s] writing manifest file '../../build/map_server/map_server.egg-info/SOURCES.txt'
[1.095s] running build
[1.095s] running build_py
[1.095s] creating /home/user/ros2_ws/build/map_server/build
[1.095s] creating /home/user/ros2_ws/build/map_server/build/lib
[1.096s] creating /home/user/ros2_ws/build/map_server/build/lib/map_server
[1.096s] copying map_server/__init__.py -> /home/user/ros2_ws/build/map_server/build/lib/map_server
[1.096s] running install
[1.096s] /usr/lib/python3/dist-packages/setuptools/command/install.py:34: SetuptoolsDeprecationWarning: setup.py install is deprecated. Use build and pip and other standards-based tools.
[1.096s]   warnings.warn(
[1.096s] running install_lib
[1.097s] creating /home/user/ros2_ws/install/map_server/lib/python3.10/site-packages/map_server
[1.097s] copying /home/user/ros2_ws/build/map_server/build/lib/map_server/__init__.py -> /home/user/ros2_ws/install/map_server/lib/python3.10/site-packages/map_server
[1.098s] byte-compiling /home/user/ros2_ws/install/map_server/lib/python3.10/site-packages/map_server/__init__.py to __init__.cpython-310.pyc
[1.098s] running install_data
[1.098s] creating /home/user/ros2_ws/install/map_server/share/ament_index
[1.099s] creating /home/user/ros2_ws/install/map_server/share/ament_index/resource_index
[1.099s] creating /home/user/ros2_ws/install/map_server/share/ament_index/resource_index/packages
[1.099s] copying resource/map_server -> /home/user/ros2_ws/install/map_server/share/ament_index/resource_index/packages
[1.099s] copying package.xml -> /home/user/ros2_ws/install/map_server/share/map_server
[1.099s] creating /home/user/ros2_ws/install/map_server/share/map_server/launch
[1.099s] copying launch/nav2_map_server.launch.py -> /home/user/ros2_ws/install/map_server/share/map_server/launch
[1.100s] creating /home/user/ros2_ws/install/map_server/share/map_server/config
[1.100s] copying config/turtlebot_area.yaml -> /home/user/ros2_ws/install/map_server/share/map_server/config
[1.100s] copying config/turtlebot_area.pgm -> /home/user/ros2_ws/install/map_server/share/map_server/config
[1.100s] running install_egg_info
[1.101s] Copying ../../build/map_server/map_server.egg-info to /home/user/ros2_ws/install/map_server/lib/python3.10/site-packages/map_server-0.0.0-py3.10.egg-info
[1.102s] running install_scripts
[1.123s] writing list of installed files to '/home/user/ros2_ws/build/map_server/install.log'
[1.148s] Invoked command in '/home/user/ros2_ws/src/map_server' returned '0': PYTHONPATH=/home/user/ros2_ws/build/map_server/prefix_override:/home/user/ros2_ws/install/map_server/lib/python3.10/site-packages:${PYTHONPATH} _=/usr/bin/env /usr/bin/python3 setup.py egg_info --egg-base ../../build/map_server build --build-base /home/user/ros2_ws/build/map_server/build install --record /home/user/ros2_ws/build/map_server/install.log --single-version-externally-managed
