running egg_info
writing ../../build/localization_server2/localization_server2.egg-info/PKG-INFO
writing dependency_links to ../../build/localization_server2/localization_server2.egg-info/dependency_links.txt
writing entry points to ../../build/localization_server2/localization_server2.egg-info/entry_points.txt
writing requirements to ../../build/localization_server2/localization_server2.egg-info/requires.txt
writing top-level names to ../../build/localization_server2/localization_server2.egg-info/top_level.txt
reading manifest file '../../build/localization_server2/localization_server2.egg-info/SOURCES.txt'
writing manifest file '../../build/localization_server2/localization_server2.egg-info/SOURCES.txt'
running build
running build_py
running install
/usr/lib/python3/dist-packages/setuptools/command/install.py:34: SetuptoolsDeprecationWarning: setup.py install is deprecated. Use build and pip and other standards-based tools.
  warnings.warn(
running install_lib
running install_data
creating /home/user/ros2_ws/install/localization_server2/share/localization_server2/launch
copying launch/localization2.launch.py -> /home/user/ros2_ws/install/localization_server2/share/localization_server2/launch
creating /home/user/ros2_ws/install/localization_server2/share/localization_server2/config
copying config/amcl_config.yaml -> /home/user/ros2_ws/install/localization_server2/share/localization_server2/config
running install_egg_info
removing '/home/user/ros2_ws/install/localization_server2/lib/python3.10/site-packages/localization_server2-0.0.0-py3.10.egg-info' (and everything under it)
Copying ../../build/localization_server2/localization_server2.egg-info to /home/user/ros2_ws/install/localization_server2/lib/python3.10/site-packages/localization_server2-0.0.0-py3.10.egg-info
running install_scripts
writing list of installed files to '/home/user/ros2_ws/build/localization_server2/install.log'
