[3.873s] Invoking command in '/home/user/ros2_ws/src/ros2_nav_files/nav2_project': PYTHONPATH=/home/user/ros2_ws/build/nav2_project/prefix_override:/home/user/ros2_ws/install/nav2_project/lib/python3.10/site-packages:${PYTHONPATH} _=/usr/bin/env /usr/bin/python3 setup.py egg_info --egg-base ../../../build/nav2_project build --build-base /home/user/ros2_ws/build/nav2_project/build install --record /home/user/ros2_ws/build/nav2_project/install.log --install-scripts $base/lib/nav2_project --single-version-externally-managed
[4.776s] /usr/lib/python3/dist-packages/setuptools/dist.py:723: UserWarning: Usage of dash-separated 'script-dir' will not be supported in future versions. Please use the underscore name 'script_dir' instead
[4.777s]   warnings.warn(
[4.790s] running egg_info
[4.790s] writing ../../../build/nav2_project/nav2_project.egg-info/PKG-INFO
[4.791s] writing dependency_links to ../../../build/nav2_project/nav2_project.egg-info/dependency_links.txt
[4.792s] writing entry points to ../../../build/nav2_project/nav2_project.egg-info/entry_points.txt
[4.792s] writing requirements to ../../../build/nav2_project/nav2_project.egg-info/requires.txt
[4.792s] writing top-level names to ../../../build/nav2_project/nav2_project.egg-info/top_level.txt
[4.794s] reading manifest file '../../../build/nav2_project/nav2_project.egg-info/SOURCES.txt'
[4.796s] writing manifest file '../../../build/nav2_project/nav2_project.egg-info/SOURCES.txt'
[4.796s] running build
[4.796s] running build_py
[4.797s] /usr/lib/python3/dist-packages/setuptools/command/install.py:34: SetuptoolsDeprecationWarning: setup.py install is deprecated. Use build and pip and other standards-based tools.
[4.797s]   warnings.warn(
[4.797s] running install
[4.797s] running install_lib
[4.799s] running install_data
[4.800s] running install_egg_info
[4.802s] removing '/home/user/ros2_ws/install/nav2_project/lib/python3.10/site-packages/nav2_project-0.0.0-py3.10.egg-info' (and everything under it)
[4.803s] Copying ../../../build/nav2_project/nav2_project.egg-info to /home/user/ros2_ws/install/nav2_project/lib/python3.10/site-packages/nav2_project-0.0.0-py3.10.egg-info
[4.804s] running install_scripts
[4.890s] Installing go_to_pose script to /home/user/ros2_ws/install/nav2_project/lib/nav2_project
[4.890s] Installing spot_recorder script to /home/user/ros2_ws/install/nav2_project/lib/nav2_project
[4.891s] writing list of installed files to '/home/user/ros2_ws/build/nav2_project/install.log'
[5.179s] Invoked command in '/home/user/ros2_ws/src/ros2_nav_files/nav2_project' returned '0': PYTHONPATH=/home/user/ros2_ws/build/nav2_project/prefix_override:/home/user/ros2_ws/install/nav2_project/lib/python3.10/site-packages:${PYTHONPATH} _=/usr/bin/env /usr/bin/python3 setup.py egg_info --egg-base ../../../build/nav2_project build --build-base /home/user/ros2_ws/build/nav2_project/build install --record /home/user/ros2_ws/build/nav2_project/install.log --install-scripts $base/lib/nav2_project --single-version-externally-managed
