[4.802s] Invoking command in '/home/user/ros2_ws/src/cartographer_slam': PYTHONPATH=/home/user/ros2_ws/build/cartographer_slam/prefix_override:/home/user/ros2_ws/install/cartographer_slam/lib/python3.10/site-packages:${PYTHONPATH} _=/usr/bin/env /usr/bin/python3 setup.py egg_info --egg-base ../../build/cartographer_slam build --build-base /home/user/ros2_ws/build/cartographer_slam/build install --record /home/user/ros2_ws/build/cartographer_slam/install.log --single-version-externally-managed
[5.139s] running egg_info
[5.140s] writing ../../build/cartographer_slam/cartographer_slam.egg-info/PKG-INFO
[5.140s] writing dependency_links to ../../build/cartographer_slam/cartographer_slam.egg-info/dependency_links.txt
[5.140s] writing entry points to ../../build/cartographer_slam/cartographer_slam.egg-info/entry_points.txt
[5.141s] writing requirements to ../../build/cartographer_slam/cartographer_slam.egg-info/requires.txt
[5.144s] writing top-level names to ../../build/cartographer_slam/cartographer_slam.egg-info/top_level.txt
[5.144s] reading manifest file '../../build/cartographer_slam/cartographer_slam.egg-info/SOURCES.txt'
[5.144s] writing manifest file '../../build/cartographer_slam/cartographer_slam.egg-info/SOURCES.txt'
[5.144s] running build
[5.145s] running build_py
[5.145s] copying cartographer_slam/__init__.py -> /home/user/ros2_ws/build/cartographer_slam/build/lib/cartographer_slam
[5.145s] running install
[5.147s] /usr/lib/python3/dist-packages/setuptools/command/install.py:34: SetuptoolsDeprecationWarning: setup.py install is deprecated. Use build and pip and other standards-based tools.
[5.147s]   warnings.warn(
[5.147s] running install_lib
[5.148s] copying /home/user/ros2_ws/build/cartographer_slam/build/lib/cartographer_slam/__init__.py -> /home/user/ros2_ws/install/cartographer_slam/lib/python3.10/site-packages/cartographer_slam
[5.149s] byte-compiling /home/user/ros2_ws/install/cartographer_slam/lib/python3.10/site-packages/cartographer_slam/__init__.py to __init__.cpython-310.pyc
[5.149s] running install_data
[5.149s] copying resource/cartographer_slam -> /home/user/ros2_ws/install/cartographer_slam/share/ament_index/resource_index/packages
[5.150s] copying package.xml -> /home/user/ros2_ws/install/cartographer_slam/share/cartographer_slam
[5.150s] running install_egg_info
[5.152s] removing '/home/user/ros2_ws/install/cartographer_slam/lib/python3.10/site-packages/cartographer_slam-0.0.0-py3.10.egg-info' (and everything under it)
[5.152s] Copying ../../build/cartographer_slam/cartographer_slam.egg-info to /home/user/ros2_ws/install/cartographer_slam/lib/python3.10/site-packages/cartographer_slam-0.0.0-py3.10.egg-info
[5.153s] running install_scripts
[5.181s] writing list of installed files to '/home/user/ros2_ws/build/cartographer_slam/install.log'
[5.212s] Invoked command in '/home/user/ros2_ws/src/cartographer_slam' returned '0': PYTHONPATH=/home/user/ros2_ws/build/cartographer_slam/prefix_override:/home/user/ros2_ws/install/cartographer_slam/lib/python3.10/site-packages:${PYTHONPATH} _=/usr/bin/env /usr/bin/python3 setup.py egg_info --egg-base ../../build/cartographer_slam build --build-base /home/user/ros2_ws/build/cartographer_slam/build install --record /home/user/ros2_ws/build/cartographer_slam/install.log --single-version-externally-managed
