[4.891s] Invoking command in '/home/user/ros2_ws/src/map_server': PYTHONPATH=/home/user/ros2_ws/build/map_server/prefix_override:/home/user/ros2_ws/install/map_server/lib/python3.10/site-packages:${PYTHONPATH} _=/usr/bin/env /usr/bin/python3 setup.py egg_info --egg-base ../../build/map_server build --build-base /home/user/ros2_ws/build/map_server/build install --record /home/user/ros2_ws/build/map_server/install.log --single-version-externally-managed
[5.156s] running egg_info
[5.157s] writing ../../build/map_server/map_server.egg-info/PKG-INFO
[5.157s] writing dependency_links to ../../build/map_server/map_server.egg-info/dependency_links.txt
[5.158s] writing entry points to ../../build/map_server/map_server.egg-info/entry_points.txt
[5.159s] writing requirements to ../../build/map_server/map_server.egg-info/requires.txt
[5.159s] writing top-level names to ../../build/map_server/map_server.egg-info/top_level.txt
[5.161s] reading manifest file '../../build/map_server/map_server.egg-info/SOURCES.txt'
[5.162s] writing manifest file '../../build/map_server/map_server.egg-info/SOURCES.txt'
[5.162s] running build
[5.162s] running build_py
[5.162s] copying map_server/__init__.py -> /home/user/ros2_ws/build/map_server/build/lib/map_server
[5.162s] running install
[5.163s] /usr/lib/python3/dist-packages/setuptools/command/install.py:34: SetuptoolsDeprecationWarning: setup.py install is deprecated. Use build and pip and other standards-based tools.
[5.163s]   warnings.warn(
[5.163s] running install_lib
[5.164s] copying /home/user/ros2_ws/build/map_server/build/lib/map_server/__init__.py -> /home/user/ros2_ws/install/map_server/lib/python3.10/site-packages/map_server
[5.164s] byte-compiling /home/user/ros2_ws/install/map_server/lib/python3.10/site-packages/map_server/__init__.py to __init__.cpython-310.pyc
[5.166s] running install_data
[5.166s] copying resource/map_server -> /home/user/ros2_ws/install/map_server/share/ament_index/resource_index/packages
[5.166s] copying package.xml -> /home/user/ros2_ws/install/map_server/share/map_server
[5.166s] copying config/turtlebot_area.yaml -> /home/user/ros2_ws/install/map_server/share/map_server/config
[5.167s] copying config/turtlebot_area.pgm -> /home/user/ros2_ws/install/map_server/share/map_server/config
[5.167s] running install_egg_info
[5.169s] removing '/home/user/ros2_ws/install/map_server/lib/python3.10/site-packages/map_server-0.0.0-py3.10.egg-info' (and everything under it)
[5.169s] Copying ../../build/map_server/map_server.egg-info to /home/user/ros2_ws/install/map_server/lib/python3.10/site-packages/map_server-0.0.0-py3.10.egg-info
[5.170s] running install_scripts
[5.192s] writing list of installed files to '/home/user/ros2_ws/build/map_server/install.log'
[5.218s] Invoked command in '/home/user/ros2_ws/src/map_server' returned '0': PYTHONPATH=/home/user/ros2_ws/build/map_server/prefix_override:/home/user/ros2_ws/install/map_server/lib/python3.10/site-packages:${PYTHONPATH} _=/usr/bin/env /usr/bin/python3 setup.py egg_info --egg-base ../../build/map_server build --build-base /home/user/ros2_ws/build/map_server/build install --record /home/user/ros2_ws/build/map_server/install.log --single-version-externally-managed
