[2.128s] Invoking command in '/home/user/ros2_ws/src/ros2_nav_files/nav2_project': PYTHONPATH=/home/user/ros2_ws/build/nav2_project/prefix_override:/home/user/ros2_ws/install/nav2_project/lib/python3.10/site-packages:${PYTHONPATH} _=/usr/bin/env /usr/bin/python3 setup.py egg_info --egg-base ../../../build/nav2_project build --build-base /home/user/ros2_ws/build/nav2_project/build install --record /home/user/ros2_ws/build/nav2_project/install.log --install-scripts $base/lib/nav2_project --single-version-externally-managed
[2.673s] /usr/lib/python3/dist-packages/setuptools/dist.py:723: UserWarning: Usage of dash-separated 'script-dir' will not be supported in future versions. Please use the underscore name 'script_dir' instead
[2.673s]   warnings.warn(
[2.719s] running egg_info
[2.720s] writing ../../../build/nav2_project/nav2_project.egg-info/PKG-INFO
[2.722s] writing dependency_links to ../../../build/nav2_project/nav2_project.egg-info/dependency_links.txt
[2.722s] writing entry points to ../../../build/nav2_project/nav2_project.egg-info/entry_points.txt
[2.722s] writing requirements to ../../../build/nav2_project/nav2_project.egg-info/requires.txt
[2.723s] writing top-level names to ../../../build/nav2_project/nav2_project.egg-info/top_level.txt
[2.725s] reading manifest file '../../../build/nav2_project/nav2_project.egg-info/SOURCES.txt'
[2.727s] writing manifest file '../../../build/nav2_project/nav2_project.egg-info/SOURCES.txt'
[2.727s] running build
[2.727s] running build_py
[2.728s] running install
[2.728s] /usr/lib/python3/dist-packages/setuptools/command/install.py:34: SetuptoolsDeprecationWarning: setup.py install is deprecated. Use build and pip and other standards-based tools.
[2.728s]   warnings.warn(
[2.728s] running install_lib
[2.730s] running install_data
[2.731s] running install_egg_info
[2.733s] removing '/home/user/ros2_ws/install/nav2_project/lib/python3.10/site-packages/nav2_project-0.0.0-py3.10.egg-info' (and everything under it)
[2.733s] Copying ../../../build/nav2_project/nav2_project.egg-info to /home/user/ros2_ws/install/nav2_project/lib/python3.10/site-packages/nav2_project-0.0.0-py3.10.egg-info
[2.735s] running install_scripts
[2.763s] Installing go_to_pose script to /home/user/ros2_ws/install/nav2_project/lib/nav2_project
[2.765s] Installing spot_recorder script to /home/user/ros2_ws/install/nav2_project/lib/nav2_project
[2.766s] writing list of installed files to '/home/user/ros2_ws/build/nav2_project/install.log'
[2.850s] Invoked command in '/home/user/ros2_ws/src/ros2_nav_files/nav2_project' returned '0': PYTHONPATH=/home/user/ros2_ws/build/nav2_project/prefix_override:/home/user/ros2_ws/install/nav2_project/lib/python3.10/site-packages:${PYTHONPATH} _=/usr/bin/env /usr/bin/python3 setup.py egg_info --egg-base ../../../build/nav2_project build --build-base /home/user/ros2_ws/build/nav2_project/build install --record /home/user/ros2_ws/build/nav2_project/install.log --install-scripts $base/lib/nav2_project --single-version-externally-managed
