running egg_info
writing ../../build/localization_sever/localization_sever.egg-info/PKG-INFO
writing dependency_links to ../../build/localization_sever/localization_sever.egg-info/dependency_links.txt
writing entry points to ../../build/localization_sever/localization_sever.egg-info/entry_points.txt
writing requirements to ../../build/localization_sever/localization_sever.egg-info/requires.txt
writing top-level names to ../../build/localization_sever/localization_sever.egg-info/top_level.txt
/usr/lib/python3/dist-packages/setuptools/command/install.py:34: SetuptoolsDeprecationWarning: setup.py install is deprecated. Use build and pip and other standards-based tools.
  warnings.warn(
reading manifest file '../../build/localization_sever/localization_sever.egg-info/SOURCES.txt'
writing manifest file '../../build/localization_sever/localization_sever.egg-info/SOURCES.txt'
running build
running build_py
running install
running install_lib
running install_data
running install_egg_info
removing '/home/user/ros2_ws/install/localization_sever/lib/python3.10/site-packages/localization_sever-0.0.0-py3.10.egg-info' (and everything under it)
Copying ../../build/localization_sever/localization_sever.egg-info to /home/user/ros2_ws/install/localization_sever/lib/python3.10/site-packages/localization_sever-0.0.0-py3.10.egg-info
running install_scripts
writing list of installed files to '/home/user/ros2_ws/build/localization_sever/install.log'
