running egg_info
writing ../../build/path_planner_server/path_planner_server.egg-info/PKG-INFO
writing dependency_links to ../../build/path_planner_server/path_planner_server.egg-info/dependency_links.txt
writing entry points to ../../build/path_planner_server/path_planner_server.egg-info/entry_points.txt
writing requirements to ../../build/path_planner_server/path_planner_server.egg-info/requires.txt
writing top-level names to ../../build/path_planner_server/path_planner_server.egg-info/top_level.txt
reading manifest file '../../build/path_planner_server/path_planner_server.egg-info/SOURCES.txt'
writing manifest file '../../build/path_planner_server/path_planner_server.egg-info/SOURCES.txt'
running build
running build_py
running install
running install_lib
running install_data
copying config/tb3_0_bt_navigator.yaml -> /home/user/ros2_ws/install/path_planner_server/share/path_planner_server/config
copying config/tb3_1_bt_navigator.yaml -> /home/user/ros2_ws/install/path_planner_server/share/path_planner_server/config
running install_egg_info
removing '/home/user/ros2_ws/install/path_planner_server/lib/python3.10/site-packages/path_planner_server-0.0.0-py3.10.egg-info' (and everything under it)
Copying ../../build/path_planner_server/path_planner_server.egg-info to /home/user/ros2_ws/install/path_planner_server/lib/python3.10/site-packages/path_planner_server-0.0.0-py3.10.egg-info
running install_scripts
Installing Nav_To_Pose_Action_Client script to /home/user/ros2_ws/install/path_planner_server/lib/path_planner_server
writing list of installed files to '/home/user/ros2_ws/build/path_planner_server/install.log'
