[3.858s] Invoking command in '/home/user/ros2_ws/src/cartographer_slam': PYTHONPATH=/home/user/ros2_ws/build/cartographer_slam/prefix_override:/home/user/ros2_ws/install/cartographer_slam/lib/python3.10/site-packages:${PYTHONPATH} _=/usr/bin/env /usr/bin/python3 setup.py egg_info --egg-base ../../build/cartographer_slam build --build-base /home/user/ros2_ws/build/cartographer_slam/build install --record /home/user/ros2_ws/build/cartographer_slam/install.log --single-version-externally-managed
[4.762s] running egg_info
[4.763s] writing ../../build/cartographer_slam/cartographer_slam.egg-info/PKG-INFO
[4.763s] writing dependency_links to ../../build/cartographer_slam/cartographer_slam.egg-info/dependency_links.txt
[4.763s] writing entry points to ../../build/cartographer_slam/cartographer_slam.egg-info/entry_points.txt
[4.764s] writing requirements to ../../build/cartographer_slam/cartographer_slam.egg-info/requires.txt
[4.764s] writing top-level names to ../../build/cartographer_slam/cartographer_slam.egg-info/top_level.txt
[4.766s] reading manifest file '../../build/cartographer_slam/cartographer_slam.egg-info/SOURCES.txt'
[4.767s] writing manifest file '../../build/cartographer_slam/cartographer_slam.egg-info/SOURCES.txt'
[4.767s] running build
[4.768s] running build_py
[4.768s] running install
[4.768s] /usr/lib/python3/dist-packages/setuptools/command/install.py:34: SetuptoolsDeprecationWarning: setup.py install is deprecated. Use build and pip and other standards-based tools.
[4.769s]   warnings.warn(
[4.769s] running install_lib
[4.770s] running install_data
[4.771s] running install_egg_info
[4.773s] removing '/home/user/ros2_ws/install/cartographer_slam/lib/python3.10/site-packages/cartographer_slam-0.0.0-py3.10.egg-info' (and everything under it)
[4.774s] Copying ../../build/cartographer_slam/cartographer_slam.egg-info to /home/user/ros2_ws/install/cartographer_slam/lib/python3.10/site-packages/cartographer_slam-0.0.0-py3.10.egg-info
[4.775s] running install_scripts
[4.864s] writing list of installed files to '/home/user/ros2_ws/build/cartographer_slam/install.log'
[4.967s] Invoked command in '/home/user/ros2_ws/src/cartographer_slam' returned '0': PYTHONPATH=/home/user/ros2_ws/build/cartographer_slam/prefix_override:/home/user/ros2_ws/install/cartographer_slam/lib/python3.10/site-packages:${PYTHONPATH} _=/usr/bin/env /usr/bin/python3 setup.py egg_info --egg-base ../../build/cartographer_slam build --build-base /home/user/ros2_ws/build/cartographer_slam/build install --record /home/user/ros2_ws/build/cartographer_slam/install.log --single-version-externally-managed
