[3.884s] Invoking command in '/home/user/ros2_ws/src/map_server': PYTHONPATH=/home/user/ros2_ws/build/map_server/prefix_override:/home/user/ros2_ws/install/map_server/lib/python3.10/site-packages:${PYTHONPATH} _=/usr/bin/env /usr/bin/python3 setup.py egg_info --egg-base ../../build/map_server build --build-base /home/user/ros2_ws/build/map_server/build install --record /home/user/ros2_ws/build/map_server/install.log --single-version-externally-managed
[4.874s] running egg_info
[4.875s] writing ../../build/map_server/map_server.egg-info/PKG-INFO
[4.875s] writing dependency_links to ../../build/map_server/map_server.egg-info/dependency_links.txt
[4.876s] writing entry points to ../../build/map_server/map_server.egg-info/entry_points.txt
[4.876s] writing requirements to ../../build/map_server/map_server.egg-info/requires.txt
[4.876s] writing top-level names to ../../build/map_server/map_server.egg-info/top_level.txt
[4.878s] reading manifest file '../../build/map_server/map_server.egg-info/SOURCES.txt'
[4.879s] writing manifest file '../../build/map_server/map_server.egg-info/SOURCES.txt'
[4.880s] running build
[4.880s] running build_py
[4.880s] running install
[4.881s] /usr/lib/python3/dist-packages/setuptools/command/install.py:34: SetuptoolsDeprecationWarning: setup.py install is deprecated. Use build and pip and other standards-based tools.
[4.881s]   warnings.warn(
[4.881s] running install_lib
[4.882s] running install_data
[4.883s] running install_egg_info
[4.885s] removing '/home/user/ros2_ws/install/map_server/lib/python3.10/site-packages/map_server-0.0.0-py3.10.egg-info' (and everything under it)
[4.885s] Copying ../../build/map_server/map_server.egg-info to /home/user/ros2_ws/install/map_server/lib/python3.10/site-packages/map_server-0.0.0-py3.10.egg-info
[4.888s] running install_scripts
[4.965s] writing list of installed files to '/home/user/ros2_ws/build/map_server/install.log'
[5.117s] Invoked command in '/home/user/ros2_ws/src/map_server' returned '0': PYTHONPATH=/home/user/ros2_ws/build/map_server/prefix_override:/home/user/ros2_ws/install/map_server/lib/python3.10/site-packages:${PYTHONPATH} _=/usr/bin/env /usr/bin/python3 setup.py egg_info --egg-base ../../build/map_server build --build-base /home/user/ros2_ws/build/map_server/build install --record /home/user/ros2_ws/build/map_server/install.log --single-version-externally-managed
