[0.899s] Invoking command in '/home/user/ros2_ws/src/path_planner_server': PYTHONPATH=/home/user/ros2_ws/build/path_planner_server/prefix_override:/home/user/ros2_ws/install/path_planner_server/lib/python3.10/site-packages:${PYTHONPATH} _=/usr/bin/env /usr/bin/python3 setup.py egg_info --egg-base ../../build/path_planner_server build --build-base /home/user/ros2_ws/build/path_planner_server/build install --record /home/user/ros2_ws/build/path_planner_server/install.log --single-version-externally-managed
[1.189s] running egg_info
[1.190s] writing ../../build/path_planner_server/path_planner_server.egg-info/PKG-INFO
[1.190s] writing dependency_links to ../../build/path_planner_server/path_planner_server.egg-info/dependency_links.txt
[1.190s] writing entry points to ../../build/path_planner_server/path_planner_server.egg-info/entry_points.txt
[1.191s] writing requirements to ../../build/path_planner_server/path_planner_server.egg-info/requires.txt
[1.191s] writing top-level names to ../../build/path_planner_server/path_planner_server.egg-info/top_level.txt
[1.192s] reading manifest file '../../build/path_planner_server/path_planner_server.egg-info/SOURCES.txt'
[1.193s] writing manifest file '../../build/path_planner_server/path_planner_server.egg-info/SOURCES.txt'
[1.193s] running build
[1.193s] running build_py
[1.193s] running install
[1.194s] /usr/lib/python3/dist-packages/setuptools/command/install.py:34: SetuptoolsDeprecationWarning: setup.py install is deprecated. Use build and pip and other standards-based tools.
[1.194s]   warnings.warn(
[1.194s] running install_lib
[1.195s] running install_data
[1.196s] copying launch/nav_to_pose_action_client.launch.py -> /home/user/ros2_ws/install/path_planner_server/share/path_planner_server/launch
[1.196s] running install_egg_info
[1.197s] removing '/home/user/ros2_ws/install/path_planner_server/lib/python3.10/site-packages/path_planner_server-0.0.0-py3.10.egg-info' (and everything under it)
[1.198s] Copying ../../build/path_planner_server/path_planner_server.egg-info to /home/user/ros2_ws/install/path_planner_server/lib/python3.10/site-packages/path_planner_server-0.0.0-py3.10.egg-info
[1.199s] running install_scripts
[1.222s] Installing Nav_To_Pose_Action_Client script to /home/user/ros2_ws/install/path_planner_server/lib/path_planner_server
[1.222s] writing list of installed files to '/home/user/ros2_ws/build/path_planner_server/install.log'
[1.249s] Invoked command in '/home/user/ros2_ws/src/path_planner_server' returned '0': PYTHONPATH=/home/user/ros2_ws/build/path_planner_server/prefix_override:/home/user/ros2_ws/install/path_planner_server/lib/python3.10/site-packages:${PYTHONPATH} _=/usr/bin/env /usr/bin/python3 setup.py egg_info --egg-base ../../build/path_planner_server build --build-base /home/user/ros2_ws/build/path_planner_server/build install --record /home/user/ros2_ws/build/path_planner_server/install.log --single-version-externally-managed
