[1.632s] Invoking command in '/home/user/ros2_ws/src/path_planner_server': PYTHONPATH=/home/user/ros2_ws/build/path_planner_server/prefix_override:/home/user/ros2_ws/install/path_planner_server/lib/python3.10/site-packages:${PYTHONPATH} _=/usr/bin/env /usr/bin/python3 setup.py egg_info --egg-base ../../build/path_planner_server build --build-base /home/user/ros2_ws/build/path_planner_server/build install --record /home/user/ros2_ws/build/path_planner_server/install.log --single-version-externally-managed
[2.037s] running egg_info
[2.038s] creating ../../build/path_planner_server/path_planner_server.egg-info
[2.038s] writing ../../build/path_planner_server/path_planner_server.egg-info/PKG-INFO
[2.038s] writing dependency_links to ../../build/path_planner_server/path_planner_server.egg-info/dependency_links.txt
[2.039s] writing entry points to ../../build/path_planner_server/path_planner_server.egg-info/entry_points.txt
[2.039s] writing requirements to ../../build/path_planner_server/path_planner_server.egg-info/requires.txt
[2.039s] writing top-level names to ../../build/path_planner_server/path_planner_server.egg-info/top_level.txt
[2.039s] writing manifest file '../../build/path_planner_server/path_planner_server.egg-info/SOURCES.txt'
[2.042s] reading manifest file '../../build/path_planner_server/path_planner_server.egg-info/SOURCES.txt'
[2.043s] writing manifest file '../../build/path_planner_server/path_planner_server.egg-info/SOURCES.txt'
[2.043s] running build
[2.043s] running build_py
[2.043s] creating /home/user/ros2_ws/build/path_planner_server/build
[2.044s] creating /home/user/ros2_ws/build/path_planner_server/build/lib
[2.044s] creating /home/user/ros2_ws/build/path_planner_server/build/lib/path_planner_server
[2.044s] copying path_planner_server/__init__.py -> /home/user/ros2_ws/build/path_planner_server/build/lib/path_planner_server
[2.044s] running install
[2.045s] /usr/lib/python3/dist-packages/setuptools/command/install.py:34: SetuptoolsDeprecationWarning: setup.py install is deprecated. Use build and pip and other standards-based tools.
[2.045s]   warnings.warn(
[2.045s] running install_lib
[2.046s] creating /home/user/ros2_ws/install/path_planner_server/lib/python3.10/site-packages/path_planner_server
[2.046s] copying /home/user/ros2_ws/build/path_planner_server/build/lib/path_planner_server/__init__.py -> /home/user/ros2_ws/install/path_planner_server/lib/python3.10/site-packages/path_planner_server
[2.047s] byte-compiling /home/user/ros2_ws/install/path_planner_server/lib/python3.10/site-packages/path_planner_server/__init__.py to __init__.cpython-310.pyc
[2.047s] running install_data
[2.052s] creating /home/user/ros2_ws/install/path_planner_server/share/ament_index
[2.052s] creating /home/user/ros2_ws/install/path_planner_server/share/ament_index/resource_index
[2.052s] creating /home/user/ros2_ws/install/path_planner_server/share/ament_index/resource_index/packages
[2.052s] copying resource/path_planner_server -> /home/user/ros2_ws/install/path_planner_server/share/ament_index/resource_index/packages
[2.052s] copying package.xml -> /home/user/ros2_ws/install/path_planner_server/share/path_planner_server
[2.052s] creating /home/user/ros2_ws/install/path_planner_server/share/path_planner_server/launch
[2.052s] copying launch/pathplanner.launch.py -> /home/user/ros2_ws/install/path_planner_server/share/path_planner_server/launch
[2.052s] creating /home/user/ros2_ws/install/path_planner_server/share/path_planner_server/config
[2.053s] copying config/controller.yaml -> /home/user/ros2_ws/install/path_planner_server/share/path_planner_server/config
[2.053s] copying config/recovery.yaml -> /home/user/ros2_ws/install/path_planner_server/share/path_planner_server/config
[2.053s] copying config/planner_server.yaml -> /home/user/ros2_ws/install/path_planner_server/share/path_planner_server/config
[2.053s] copying config/bt_navigator.yaml -> /home/user/ros2_ws/install/path_planner_server/share/path_planner_server/config
[2.053s] copying config/behaviour.xml -> /home/user/ros2_ws/install/path_planner_server/share/path_planner_server/config
[2.053s] running install_egg_info
[2.053s] Copying ../../build/path_planner_server/path_planner_server.egg-info to /home/user/ros2_ws/install/path_planner_server/lib/python3.10/site-packages/path_planner_server-0.0.0-py3.10.egg-info
[2.054s] running install_scripts
[2.088s] writing list of installed files to '/home/user/ros2_ws/build/path_planner_server/install.log'
[2.127s] Invoked command in '/home/user/ros2_ws/src/path_planner_server' returned '0': PYTHONPATH=/home/user/ros2_ws/build/path_planner_server/prefix_override:/home/user/ros2_ws/install/path_planner_server/lib/python3.10/site-packages:${PYTHONPATH} _=/usr/bin/env /usr/bin/python3 setup.py egg_info --egg-base ../../build/path_planner_server build --build-base /home/user/ros2_ws/build/path_planner_server/build install --record /home/user/ros2_ws/build/path_planner_server/install.log --single-version-externally-managed
