[5.075s] Invoking command in '/home/user/ros2_ws/src/localization_server': PYTHONPATH=/home/user/ros2_ws/build/localization_server/prefix_override:/home/user/ros2_ws/install/localization_server/lib/python3.10/site-packages:${PYTHONPATH} _=/usr/bin/env /usr/bin/python3 setup.py egg_info --egg-base ../../build/localization_server build --build-base /home/user/ros2_ws/build/localization_server/build install --record /home/user/ros2_ws/build/localization_server/install.log --single-version-externally-managed
[6.045s] running egg_info
[6.045s] writing ../../build/localization_server/localization_server.egg-info/PKG-INFO
[6.045s] writing dependency_links to ../../build/localization_server/localization_server.egg-info/dependency_links.txt
[6.045s] writing entry points to ../../build/localization_server/localization_server.egg-info/entry_points.txt
[6.045s] writing requirements to ../../build/localization_server/localization_server.egg-info/requires.txt
[6.046s] writing top-level names to ../../build/localization_server/localization_server.egg-info/top_level.txt
[6.052s] reading manifest file '../../build/localization_server/localization_server.egg-info/SOURCES.txt'
[6.054s] writing manifest file '../../build/localization_server/localization_server.egg-info/SOURCES.txt'
[6.054s] running build
[6.054s] running build_py
[6.054s] running install
[6.055s] running install_lib
[6.057s] running install_data
[6.057s] /usr/lib/python3/dist-packages/setuptools/command/install.py:34: SetuptoolsDeprecationWarning: setup.py install is deprecated. Use build and pip and other standards-based tools.
[6.057s]   warnings.warn(
[6.058s] running install_egg_info
[6.061s] removing '/home/user/ros2_ws/install/localization_server/lib/python3.10/site-packages/localization_server-0.0.0-py3.10.egg-info' (and everything under it)
[6.061s] Copying ../../build/localization_server/localization_server.egg-info to /home/user/ros2_ws/install/localization_server/lib/python3.10/site-packages/localization_server-0.0.0-py3.10.egg-info
[6.063s] running install_scripts
[6.096s] Installing initial_pose_pub script to /home/user/ros2_ws/install/localization_server/lib/localization_server
[6.097s] writing list of installed files to '/home/user/ros2_ws/build/localization_server/install.log'
[6.205s] Invoked command in '/home/user/ros2_ws/src/localization_server' returned '0': PYTHONPATH=/home/user/ros2_ws/build/localization_server/prefix_override:/home/user/ros2_ws/install/localization_server/lib/python3.10/site-packages:${PYTHONPATH} _=/usr/bin/env /usr/bin/python3 setup.py egg_info --egg-base ../../build/localization_server build --build-base /home/user/ros2_ws/build/localization_server/build install --record /home/user/ros2_ws/build/localization_server/install.log --single-version-externally-managed
