[1.946s] DEBUG:colcon:Command line arguments: ['/usr/bin/colcon', 'build']
[1.946s] DEBUG:colcon:Parsed command line arguments: Namespace(log_base=None, log_level=None, verb_name='build', build_base='build', install_base='install', merge_install=False, symlink_install=False, test_result_base=None, continue_on_error=False, executor='parallel', parallel_workers=8, event_handlers=None, ignore_user_meta=False, metas=['./colcon.meta'], base_paths=['.'], packages_ignore=None, packages_ignore_regex=None, paths=None, packages_up_to=None, packages_up_to_regex=None, packages_above=None, packages_above_and_dependencies=None, packages_above_depth=None, packages_select_by_dep=None, packages_skip_by_dep=None, packages_skip_up_to=None, packages_select_build_failed=False, packages_skip_build_finished=False, packages_select_test_failures=False, packages_skip_test_passed=False, packages_select=None, packages_skip=None, packages_select_regex=None, packages_skip_regex=None, packages_start=None, packages_end=None, cmake_args=None, cmake_target=None, cmake_target_skip_unavailable=False, cmake_clean_cache=False, cmake_clean_first=False, cmake_force_configure=False, ament_cmake_args=None, catkin_cmake_args=None, catkin_skip_building_tests=False, mixin_files=None, mixin=None, verb_parser=<colcon_mixin.mixin.mixin_argument.MixinArgumentDecorator object at 0x7f29968ea410>, verb_extension=<colcon_core.verb.build.BuildVerb object at 0x7f2996b6f370>, main=<bound method BuildVerb.main of <colcon_core.verb.build.BuildVerb object at 0x7f2996b6f370>>, mixin_verb=('build',))
[2.018s] Level 1:colcon.colcon_core.package_discovery:discover_packages(colcon_meta) check parameters
[2.018s] Level 1:colcon.colcon_core.package_discovery:discover_packages(recursive) check parameters
[2.018s] Level 1:colcon.colcon_core.package_discovery:discover_packages(ignore) check parameters
[2.018s] Level 1:colcon.colcon_core.package_discovery:discover_packages(path) check parameters
[2.018s] Level 1:colcon.colcon_core.package_discovery:discover_packages(colcon_meta) discover
[2.018s] Level 1:colcon.colcon_core.package_discovery:discover_packages(recursive) discover
[2.019s] INFO:colcon.colcon_core.package_discovery:Crawling recursively for packages in '/home/user/ros2_ws'
[2.019s] Level 1:colcon.colcon_core.package_identification:_identify(.) by extensions ['ignore', 'ignore_ament_install']
[2.019s] Level 1:colcon.colcon_core.package_identification:_identify(.) by extension 'ignore'
[2.019s] Level 1:colcon.colcon_core.package_identification:_identify(.) by extension 'ignore_ament_install'
[2.019s] Level 1:colcon.colcon_core.package_identification:_identify(.) by extensions ['colcon_pkg']
[2.019s] Level 1:colcon.colcon_core.package_identification:_identify(.) by extension 'colcon_pkg'
[2.019s] Level 1:colcon.colcon_core.package_identification:_identify(.) by extensions ['colcon_meta']
[2.019s] Level 1:colcon.colcon_core.package_identification:_identify(.) by extension 'colcon_meta'
[2.019s] Level 1:colcon.colcon_core.package_identification:_identify(.) by extensions ['ros']
[2.019s] Level 1:colcon.colcon_core.package_identification:_identify(.) by extension 'ros'
[2.049s] Level 1:colcon.colcon_core.package_identification:_identify(.) by extensions ['cmake', 'python']
[2.049s] Level 1:colcon.colcon_core.package_identification:_identify(.) by extension 'cmake'
[2.049s] Level 1:colcon.colcon_core.package_identification:_identify(.) by extension 'python'
[2.049s] Level 1:colcon.colcon_core.package_identification:_identify(.) by extensions ['python_setup_py']
[2.049s] Level 1:colcon.colcon_core.package_identification:_identify(.) by extension 'python_setup_py'
[2.050s] Level 1:colcon.colcon_core.package_identification:_identify(build) by extensions ['ignore', 'ignore_ament_install']
[2.050s] Level 1:colcon.colcon_core.package_identification:_identify(build) by extension 'ignore'
[2.050s] Level 1:colcon.colcon_core.package_identification:_identify(build) ignored
[2.050s] Level 1:colcon.colcon_core.package_identification:_identify(install) by extensions ['ignore', 'ignore_ament_install']
[2.050s] Level 1:colcon.colcon_core.package_identification:_identify(install) by extension 'ignore'
[2.050s] Level 1:colcon.colcon_core.package_identification:_identify(install) ignored
[2.050s] Level 1:colcon.colcon_core.package_identification:_identify(log) by extensions ['ignore', 'ignore_ament_install']
[2.050s] Level 1:colcon.colcon_core.package_identification:_identify(log) by extension 'ignore'
[2.050s] Level 1:colcon.colcon_core.package_identification:_identify(log) ignored
[2.051s] Level 1:colcon.colcon_core.package_identification:_identify(src) by extensions ['ignore', 'ignore_ament_install']
[2.051s] Level 1:colcon.colcon_core.package_identification:_identify(src) by extension 'ignore'
[2.051s] Level 1:colcon.colcon_core.package_identification:_identify(src) by extension 'ignore_ament_install'
[2.051s] Level 1:colcon.colcon_core.package_identification:_identify(src) by extensions ['colcon_pkg']
[2.051s] Level 1:colcon.colcon_core.package_identification:_identify(src) by extension 'colcon_pkg'
[2.051s] Level 1:colcon.colcon_core.package_identification:_identify(src) by extensions ['colcon_meta']
[2.051s] Level 1:colcon.colcon_core.package_identification:_identify(src) by extension 'colcon_meta'
[2.051s] Level 1:colcon.colcon_core.package_identification:_identify(src) by extensions ['ros']
[2.051s] Level 1:colcon.colcon_core.package_identification:_identify(src) by extension 'ros'
[2.051s] Level 1:colcon.colcon_core.package_identification:_identify(src) by extensions ['cmake', 'python']
[2.051s] Level 1:colcon.colcon_core.package_identification:_identify(src) by extension 'cmake'
[2.051s] Level 1:colcon.colcon_core.package_identification:_identify(src) by extension 'python'
[2.051s] Level 1:colcon.colcon_core.package_identification:_identify(src) by extensions ['python_setup_py']
[2.051s] Level 1:colcon.colcon_core.package_identification:_identify(src) by extension 'python_setup_py'
[2.051s] Level 1:colcon.colcon_core.package_identification:_identify(src/cartographer_slam) by extensions ['ignore', 'ignore_ament_install']
[2.051s] Level 1:colcon.colcon_core.package_identification:_identify(src/cartographer_slam) by extension 'ignore'
[2.051s] Level 1:colcon.colcon_core.package_identification:_identify(src/cartographer_slam) by extension 'ignore_ament_install'
[2.052s] Level 1:colcon.colcon_core.package_identification:_identify(src/cartographer_slam) by extensions ['colcon_pkg']
[2.052s] Level 1:colcon.colcon_core.package_identification:_identify(src/cartographer_slam) by extension 'colcon_pkg'
[2.052s] Level 1:colcon.colcon_core.package_identification:_identify(src/cartographer_slam) by extensions ['colcon_meta']
[2.052s] Level 1:colcon.colcon_core.package_identification:_identify(src/cartographer_slam) by extension 'colcon_meta'
[2.052s] Level 1:colcon.colcon_core.package_identification:_identify(src/cartographer_slam) by extensions ['ros']
[2.052s] Level 1:colcon.colcon_core.package_identification:_identify(src/cartographer_slam) by extension 'ros'
[2.055s] DEBUG:colcon.colcon_core.package_identification:Package 'src/cartographer_slam' with type 'ros.ament_python' and name 'cartographer_slam'
[2.055s] Level 1:colcon.colcon_core.package_identification:_identify(src/localization_server) by extensions ['ignore', 'ignore_ament_install']
[2.055s] Level 1:colcon.colcon_core.package_identification:_identify(src/localization_server) by extension 'ignore'
[2.055s] Level 1:colcon.colcon_core.package_identification:_identify(src/localization_server) by extension 'ignore_ament_install'
[2.055s] Level 1:colcon.colcon_core.package_identification:_identify(src/localization_server) by extensions ['colcon_pkg']
[2.055s] Level 1:colcon.colcon_core.package_identification:_identify(src/localization_server) by extension 'colcon_pkg'
[2.055s] Level 1:colcon.colcon_core.package_identification:_identify(src/localization_server) by extensions ['colcon_meta']
[2.055s] Level 1:colcon.colcon_core.package_identification:_identify(src/localization_server) by extension 'colcon_meta'
[2.055s] Level 1:colcon.colcon_core.package_identification:_identify(src/localization_server) by extensions ['ros']
[2.056s] Level 1:colcon.colcon_core.package_identification:_identify(src/localization_server) by extension 'ros'
[2.056s] DEBUG:colcon.colcon_core.package_identification:Package 'src/localization_server' with type 'ros.ament_python' and name 'localization_server'
[2.056s] Level 1:colcon.colcon_core.package_identification:_identify(src/map_server) by extensions ['ignore', 'ignore_ament_install']
[2.056s] Level 1:colcon.colcon_core.package_identification:_identify(src/map_server) by extension 'ignore'
[2.057s] Level 1:colcon.colcon_core.package_identification:_identify(src/map_server) by extension 'ignore_ament_install'
[2.057s] Level 1:colcon.colcon_core.package_identification:_identify(src/map_server) by extensions ['colcon_pkg']
[2.057s] Level 1:colcon.colcon_core.package_identification:_identify(src/map_server) by extension 'colcon_pkg'
[2.057s] Level 1:colcon.colcon_core.package_identification:_identify(src/map_server) by extensions ['colcon_meta']
[2.057s] Level 1:colcon.colcon_core.package_identification:_identify(src/map_server) by extension 'colcon_meta'
[2.057s] Level 1:colcon.colcon_core.package_identification:_identify(src/map_server) by extensions ['ros']
[2.057s] Level 1:colcon.colcon_core.package_identification:_identify(src/map_server) by extension 'ros'
[2.058s] DEBUG:colcon.colcon_core.package_identification:Package 'src/map_server' with type 'ros.ament_python' and name 'map_server'
[2.058s] Level 1:colcon.colcon_core.package_identification:_identify(src/path_planner_server) by extensions ['ignore', 'ignore_ament_install']
[2.058s] Level 1:colcon.colcon_core.package_identification:_identify(src/path_planner_server) by extension 'ignore'
[2.058s] Level 1:colcon.colcon_core.package_identification:_identify(src/path_planner_server) by extension 'ignore_ament_install'
[2.058s] Level 1:colcon.colcon_core.package_identification:_identify(src/path_planner_server) by extensions ['colcon_pkg']
[2.058s] Level 1:colcon.colcon_core.package_identification:_identify(src/path_planner_server) by extension 'colcon_pkg'
[2.058s] Level 1:colcon.colcon_core.package_identification:_identify(src/path_planner_server) by extensions ['colcon_meta']
[2.058s] Level 1:colcon.colcon_core.package_identification:_identify(src/path_planner_server) by extension 'colcon_meta'
[2.058s] Level 1:colcon.colcon_core.package_identification:_identify(src/path_planner_server) by extensions ['ros']
[2.058s] Level 1:colcon.colcon_core.package_identification:_identify(src/path_planner_server) by extension 'ros'
[2.060s] DEBUG:colcon.colcon_core.package_identification:Package 'src/path_planner_server' with type 'ros.ament_python' and name 'path_planner_server'
[2.060s] Level 1:colcon.colcon_core.package_identification:_identify(src/ros2_nav_files) by extensions ['ignore', 'ignore_ament_install']
[2.061s] Level 1:colcon.colcon_core.package_identification:_identify(src/ros2_nav_files) by extension 'ignore'
[2.061s] Level 1:colcon.colcon_core.package_identification:_identify(src/ros2_nav_files) by extension 'ignore_ament_install'
[2.061s] Level 1:colcon.colcon_core.package_identification:_identify(src/ros2_nav_files) by extensions ['colcon_pkg']
[2.061s] Level 1:colcon.colcon_core.package_identification:_identify(src/ros2_nav_files) by extension 'colcon_pkg'
[2.061s] Level 1:colcon.colcon_core.package_identification:_identify(src/ros2_nav_files) by extensions ['colcon_meta']
[2.061s] Level 1:colcon.colcon_core.package_identification:_identify(src/ros2_nav_files) by extension 'colcon_meta'
[2.061s] Level 1:colcon.colcon_core.package_identification:_identify(src/ros2_nav_files) by extensions ['ros']
[2.061s] Level 1:colcon.colcon_core.package_identification:_identify(src/ros2_nav_files) by extension 'ros'
[2.061s] Level 1:colcon.colcon_core.package_identification:_identify(src/ros2_nav_files) by extensions ['cmake', 'python']
[2.061s] Level 1:colcon.colcon_core.package_identification:_identify(src/ros2_nav_files) by extension 'cmake'
[2.061s] Level 1:colcon.colcon_core.package_identification:_identify(src/ros2_nav_files) by extension 'python'
[2.061s] Level 1:colcon.colcon_core.package_identification:_identify(src/ros2_nav_files) by extensions ['python_setup_py']
[2.061s] Level 1:colcon.colcon_core.package_identification:_identify(src/ros2_nav_files) by extension 'python_setup_py'
[2.062s] Level 1:colcon.colcon_core.package_identification:_identify(src/ros2_nav_files/nav2_course) by extensions ['ignore', 'ignore_ament_install']
[2.062s] Level 1:colcon.colcon_core.package_identification:_identify(src/ros2_nav_files/nav2_course) by extension 'ignore'
[2.062s] Level 1:colcon.colcon_core.package_identification:_identify(src/ros2_nav_files/nav2_course) by extension 'ignore_ament_install'
[2.062s] Level 1:colcon.colcon_core.package_identification:_identify(src/ros2_nav_files/nav2_course) by extensions ['colcon_pkg']
[2.062s] Level 1:colcon.colcon_core.package_identification:_identify(src/ros2_nav_files/nav2_course) by extension 'colcon_pkg'
[2.062s] Level 1:colcon.colcon_core.package_identification:_identify(src/ros2_nav_files/nav2_course) by extensions ['colcon_meta']
[2.062s] Level 1:colcon.colcon_core.package_identification:_identify(src/ros2_nav_files/nav2_course) by extension 'colcon_meta'
[2.062s] Level 1:colcon.colcon_core.package_identification:_identify(src/ros2_nav_files/nav2_course) by extensions ['ros']
[2.062s] Level 1:colcon.colcon_core.package_identification:_identify(src/ros2_nav_files/nav2_course) by extension 'ros'
[2.063s] DEBUG:colcon.colcon_core.package_identification:Package 'src/ros2_nav_files/nav2_course' with type 'ros.ament_cmake' and name 'nav2_course'
[2.063s] Level 1:colcon.colcon_core.package_identification:_identify(src/ros2_nav_files/nav2_project) by extensions ['ignore', 'ignore_ament_install']
[2.063s] Level 1:colcon.colcon_core.package_identification:_identify(src/ros2_nav_files/nav2_project) by extension 'ignore'
[2.063s] Level 1:colcon.colcon_core.package_identification:_identify(src/ros2_nav_files/nav2_project) by extension 'ignore_ament_install'
[2.063s] Level 1:colcon.colcon_core.package_identification:_identify(src/ros2_nav_files/nav2_project) by extensions ['colcon_pkg']
[2.064s] Level 1:colcon.colcon_core.package_identification:_identify(src/ros2_nav_files/nav2_project) by extension 'colcon_pkg'
[2.064s] Level 1:colcon.colcon_core.package_identification:_identify(src/ros2_nav_files/nav2_project) by extensions ['colcon_meta']
[2.064s] Level 1:colcon.colcon_core.package_identification:_identify(src/ros2_nav_files/nav2_project) by extension 'colcon_meta'
[2.064s] Level 1:colcon.colcon_core.package_identification:_identify(src/ros2_nav_files/nav2_project) by extensions ['ros']
[2.064s] Level 1:colcon.colcon_core.package_identification:_identify(src/ros2_nav_files/nav2_project) by extension 'ros'
[2.064s] DEBUG:colcon.colcon_core.package_identification:Package 'src/ros2_nav_files/nav2_project' with type 'ros.ament_python' and name 'nav2_project'
[2.065s] Level 1:colcon.colcon_core.package_identification:_identify(src/ros2_nav_files/rviz) by extensions ['ignore', 'ignore_ament_install']
[2.065s] Level 1:colcon.colcon_core.package_identification:_identify(src/ros2_nav_files/rviz) by extension 'ignore'
[2.065s] Level 1:colcon.colcon_core.package_identification:_identify(src/ros2_nav_files/rviz) by extension 'ignore_ament_install'
[2.065s] Level 1:colcon.colcon_core.package_identification:_identify(src/ros2_nav_files/rviz) by extensions ['colcon_pkg']
[2.065s] Level 1:colcon.colcon_core.package_identification:_identify(src/ros2_nav_files/rviz) by extension 'colcon_pkg'
[2.065s] Level 1:colcon.colcon_core.package_identification:_identify(src/ros2_nav_files/rviz) by extensions ['colcon_meta']
[2.065s] Level 1:colcon.colcon_core.package_identification:_identify(src/ros2_nav_files/rviz) by extension 'colcon_meta'
[2.065s] Level 1:colcon.colcon_core.package_identification:_identify(src/ros2_nav_files/rviz) by extensions ['ros']
[2.065s] Level 1:colcon.colcon_core.package_identification:_identify(src/ros2_nav_files/rviz) by extension 'ros'
[2.065s] Level 1:colcon.colcon_core.package_identification:_identify(src/ros2_nav_files/rviz) by extensions ['cmake', 'python']
[2.065s] Level 1:colcon.colcon_core.package_identification:_identify(src/ros2_nav_files/rviz) by extension 'cmake'
[2.066s] Level 1:colcon.colcon_core.package_identification:_identify(src/ros2_nav_files/rviz) by extension 'python'
[2.066s] Level 1:colcon.colcon_core.package_identification:_identify(src/ros2_nav_files/rviz) by extensions ['python_setup_py']
[2.066s] Level 1:colcon.colcon_core.package_identification:_identify(src/ros2_nav_files/rviz) by extension 'python_setup_py'
[2.066s] Level 1:colcon.colcon_core.package_discovery:discover_packages(recursive) using defaults
[2.066s] Level 1:colcon.colcon_core.package_discovery:discover_packages(ignore) discover
[2.066s] Level 1:colcon.colcon_core.package_discovery:discover_packages(ignore) using defaults
[2.066s] Level 1:colcon.colcon_core.package_discovery:discover_packages(path) discover
[2.066s] Level 1:colcon.colcon_core.package_discovery:discover_packages(path) using defaults
[2.180s] Level 5:colcon.colcon_core.verb:set package 'cartographer_slam' build argument 'cmake_args' from command line to 'None'
[2.181s] Level 5:colcon.colcon_core.verb:set package 'cartographer_slam' build argument 'cmake_target' from command line to 'None'
[2.181s] Level 5:colcon.colcon_core.verb:set package 'cartographer_slam' build argument 'cmake_target_skip_unavailable' from command line to 'False'
[2.181s] Level 5:colcon.colcon_core.verb:set package 'cartographer_slam' build argument 'cmake_clean_cache' from command line to 'False'
[2.181s] Level 5:colcon.colcon_core.verb:set package 'cartographer_slam' build argument 'cmake_clean_first' from command line to 'False'
[2.181s] Level 5:colcon.colcon_core.verb:set package 'cartographer_slam' build argument 'cmake_force_configure' from command line to 'False'
[2.181s] Level 5:colcon.colcon_core.verb:set package 'cartographer_slam' build argument 'ament_cmake_args' from command line to 'None'
[2.181s] Level 5:colcon.colcon_core.verb:set package 'cartographer_slam' build argument 'catkin_cmake_args' from command line to 'None'
[2.181s] Level 5:colcon.colcon_core.verb:set package 'cartographer_slam' build argument 'catkin_skip_building_tests' from command line to 'False'
[2.181s] DEBUG:colcon.colcon_core.verb:Building package 'cartographer_slam' with the following arguments: {'ament_cmake_args': None, 'build_base': '/home/user/ros2_ws/build/cartographer_slam', 'catkin_cmake_args': None, 'catkin_skip_building_tests': False, 'cmake_args': None, 'cmake_clean_cache': False, 'cmake_clean_first': False, 'cmake_force_configure': False, 'cmake_target': None, 'cmake_target_skip_unavailable': False, 'install_base': '/home/user/ros2_ws/install/cartographer_slam', 'merge_install': False, 'path': '/home/user/ros2_ws/src/cartographer_slam', 'symlink_install': False, 'test_result_base': None}
[2.205s] Level 5:colcon.colcon_core.verb:set package 'localization_server' build argument 'cmake_args' from command line to 'None'
[2.205s] Level 5:colcon.colcon_core.verb:set package 'localization_server' build argument 'cmake_target' from command line to 'None'
[2.205s] Level 5:colcon.colcon_core.verb:set package 'localization_server' build argument 'cmake_target_skip_unavailable' from command line to 'False'
[2.205s] Level 5:colcon.colcon_core.verb:set package 'localization_server' build argument 'cmake_clean_cache' from command line to 'False'
[2.205s] Level 5:colcon.colcon_core.verb:set package 'localization_server' build argument 'cmake_clean_first' from command line to 'False'
[2.205s] Level 5:colcon.colcon_core.verb:set package 'localization_server' build argument 'cmake_force_configure' from command line to 'False'
[2.205s] Level 5:colcon.colcon_core.verb:set package 'localization_server' build argument 'ament_cmake_args' from command line to 'None'
[2.205s] Level 5:colcon.colcon_core.verb:set package 'localization_server' build argument 'catkin_cmake_args' from command line to 'None'
[2.205s] Level 5:colcon.colcon_core.verb:set package 'localization_server' build argument 'catkin_skip_building_tests' from command line to 'False'
[2.205s] DEBUG:colcon.colcon_core.verb:Building package 'localization_server' with the following arguments: {'ament_cmake_args': None, 'build_base': '/home/user/ros2_ws/build/localization_server', 'catkin_cmake_args': None, 'catkin_skip_building_tests': False, 'cmake_args': None, 'cmake_clean_cache': False, 'cmake_clean_first': False, 'cmake_force_configure': False, 'cmake_target': None, 'cmake_target_skip_unavailable': False, 'install_base': '/home/user/ros2_ws/install/localization_server', 'merge_install': False, 'path': '/home/user/ros2_ws/src/localization_server', 'symlink_install': False, 'test_result_base': None}
[2.228s] Level 5:colcon.colcon_core.verb:set package 'map_server' build argument 'cmake_args' from command line to 'None'
[2.229s] Level 5:colcon.colcon_core.verb:set package 'map_server' build argument 'cmake_target' from command line to 'None'
[2.229s] Level 5:colcon.colcon_core.verb:set package 'map_server' build argument 'cmake_target_skip_unavailable' from command line to 'False'
[2.229s] Level 5:colcon.colcon_core.verb:set package 'map_server' build argument 'cmake_clean_cache' from command line to 'False'
[2.229s] Level 5:colcon.colcon_core.verb:set package 'map_server' build argument 'cmake_clean_first' from command line to 'False'
[2.229s] Level 5:colcon.colcon_core.verb:set package 'map_server' build argument 'cmake_force_configure' from command line to 'False'
[2.229s] Level 5:colcon.colcon_core.verb:set package 'map_server' build argument 'ament_cmake_args' from command line to 'None'
[2.229s] Level 5:colcon.colcon_core.verb:set package 'map_server' build argument 'catkin_cmake_args' from command line to 'None'
[2.229s] Level 5:colcon.colcon_core.verb:set package 'map_server' build argument 'catkin_skip_building_tests' from command line to 'False'
[2.229s] DEBUG:colcon.colcon_core.verb:Building package 'map_server' with the following arguments: {'ament_cmake_args': None, 'build_base': '/home/user/ros2_ws/build/map_server', 'catkin_cmake_args': None, 'catkin_skip_building_tests': False, 'cmake_args': None, 'cmake_clean_cache': False, 'cmake_clean_first': False, 'cmake_force_configure': False, 'cmake_target': None, 'cmake_target_skip_unavailable': False, 'install_base': '/home/user/ros2_ws/install/map_server', 'merge_install': False, 'path': '/home/user/ros2_ws/src/map_server', 'symlink_install': False, 'test_result_base': None}
[2.250s] Level 5:colcon.colcon_core.verb:set package 'nav2_course' build argument 'cmake_args' from command line to 'None'
[2.250s] Level 5:colcon.colcon_core.verb:set package 'nav2_course' build argument 'cmake_target' from command line to 'None'
[2.250s] Level 5:colcon.colcon_core.verb:set package 'nav2_course' build argument 'cmake_target_skip_unavailable' from command line to 'False'
[2.250s] Level 5:colcon.colcon_core.verb:set package 'nav2_course' build argument 'cmake_clean_cache' from command line to 'False'
[2.250s] Level 5:colcon.colcon_core.verb:set package 'nav2_course' build argument 'cmake_clean_first' from command line to 'False'
[2.250s] Level 5:colcon.colcon_core.verb:set package 'nav2_course' build argument 'cmake_force_configure' from command line to 'False'
[2.250s] Level 5:colcon.colcon_core.verb:set package 'nav2_course' build argument 'ament_cmake_args' from command line to 'None'
[2.250s] Level 5:colcon.colcon_core.verb:set package 'nav2_course' build argument 'catkin_cmake_args' from command line to 'None'
[2.250s] Level 5:colcon.colcon_core.verb:set package 'nav2_course' build argument 'catkin_skip_building_tests' from command line to 'False'
[2.251s] DEBUG:colcon.colcon_core.verb:Building package 'nav2_course' with the following arguments: {'ament_cmake_args': None, 'build_base': '/home/user/ros2_ws/build/nav2_course', 'catkin_cmake_args': None, 'catkin_skip_building_tests': False, 'cmake_args': None, 'cmake_clean_cache': False, 'cmake_clean_first': False, 'cmake_force_configure': False, 'cmake_target': None, 'cmake_target_skip_unavailable': False, 'install_base': '/home/user/ros2_ws/install/nav2_course', 'merge_install': False, 'path': '/home/user/ros2_ws/src/ros2_nav_files/nav2_course', 'symlink_install': False, 'test_result_base': None}
[2.274s] Level 5:colcon.colcon_core.verb:set package 'nav2_project' build argument 'cmake_args' from command line to 'None'
[2.274s] Level 5:colcon.colcon_core.verb:set package 'nav2_project' build argument 'cmake_target' from command line to 'None'
[2.274s] Level 5:colcon.colcon_core.verb:set package 'nav2_project' build argument 'cmake_target_skip_unavailable' from command line to 'False'
[2.274s] Level 5:colcon.colcon_core.verb:set package 'nav2_project' build argument 'cmake_clean_cache' from command line to 'False'
[2.274s] Level 5:colcon.colcon_core.verb:set package 'nav2_project' build argument 'cmake_clean_first' from command line to 'False'
[2.274s] Level 5:colcon.colcon_core.verb:set package 'nav2_project' build argument 'cmake_force_configure' from command line to 'False'
[2.275s] Level 5:colcon.colcon_core.verb:set package 'nav2_project' build argument 'ament_cmake_args' from command line to 'None'
[2.275s] Level 5:colcon.colcon_core.verb:set package 'nav2_project' build argument 'catkin_cmake_args' from command line to 'None'
[2.275s] Level 5:colcon.colcon_core.verb:set package 'nav2_project' build argument 'catkin_skip_building_tests' from command line to 'False'
[2.275s] DEBUG:colcon.colcon_core.verb:Building package 'nav2_project' with the following arguments: {'ament_cmake_args': None, 'build_base': '/home/user/ros2_ws/build/nav2_project', 'catkin_cmake_args': None, 'catkin_skip_building_tests': False, 'cmake_args': None, 'cmake_clean_cache': False, 'cmake_clean_first': False, 'cmake_force_configure': False, 'cmake_target': None, 'cmake_target_skip_unavailable': False, 'install_base': '/home/user/ros2_ws/install/nav2_project', 'merge_install': False, 'path': '/home/user/ros2_ws/src/ros2_nav_files/nav2_project', 'symlink_install': False, 'test_result_base': None}
[2.297s] Level 5:colcon.colcon_core.verb:set package 'path_planner_server' build argument 'cmake_args' from command line to 'None'
[2.298s] Level 5:colcon.colcon_core.verb:set package 'path_planner_server' build argument 'cmake_target' from command line to 'None'
[2.298s] Level 5:colcon.colcon_core.verb:set package 'path_planner_server' build argument 'cmake_target_skip_unavailable' from command line to 'False'
[2.298s] Level 5:colcon.colcon_core.verb:set package 'path_planner_server' build argument 'cmake_clean_cache' from command line to 'False'
[2.298s] Level 5:colcon.colcon_core.verb:set package 'path_planner_server' build argument 'cmake_clean_first' from command line to 'False'
[2.298s] Level 5:colcon.colcon_core.verb:set package 'path_planner_server' build argument 'cmake_force_configure' from command line to 'False'
[2.298s] Level 5:colcon.colcon_core.verb:set package 'path_planner_server' build argument 'ament_cmake_args' from command line to 'None'
[2.298s] Level 5:colcon.colcon_core.verb:set package 'path_planner_server' build argument 'catkin_cmake_args' from command line to 'None'
[2.298s] Level 5:colcon.colcon_core.verb:set package 'path_planner_server' build argument 'catkin_skip_building_tests' from command line to 'False'
[2.298s] DEBUG:colcon.colcon_core.verb:Building package 'path_planner_server' with the following arguments: {'ament_cmake_args': None, 'build_base': '/home/user/ros2_ws/build/path_planner_server', 'catkin_cmake_args': None, 'catkin_skip_building_tests': False, 'cmake_args': None, 'cmake_clean_cache': False, 'cmake_clean_first': False, 'cmake_force_configure': False, 'cmake_target': None, 'cmake_target_skip_unavailable': False, 'install_base': '/home/user/ros2_ws/install/path_planner_server', 'merge_install': False, 'path': '/home/user/ros2_ws/src/path_planner_server', 'symlink_install': False, 'test_result_base': None}
[2.320s] INFO:colcon.colcon_core.executor:Executing jobs using 'parallel' executor
[2.340s] DEBUG:colcon.colcon_parallel_executor.executor.parallel:run_until_complete
[2.340s] INFO:colcon.colcon_ros.task.ament_python.build:Building ROS package in '/home/user/ros2_ws/src/cartographer_slam' with build type 'ament_python'
[2.341s] Level 1:colcon.colcon_core.shell:create_environment_hook('cartographer_slam', 'ament_prefix_path')
[2.368s] INFO:colcon.colcon_core.plugin_system:Skipping extension 'colcon_core.shell.bat': Not used on non-Windows systems
[2.369s] INFO:colcon.colcon_core.shell:Creating environment hook '/home/user/ros2_ws/install/cartographer_slam/share/cartographer_slam/hook/ament_prefix_path.ps1'
[2.370s] INFO:colcon.colcon_core.shell:Creating environment descriptor '/home/user/ros2_ws/install/cartographer_slam/share/cartographer_slam/hook/ament_prefix_path.dsv'
[2.370s] INFO:colcon.colcon_core.shell:Creating environment hook '/home/user/ros2_ws/install/cartographer_slam/share/cartographer_slam/hook/ament_prefix_path.sh'
[2.395s] INFO:colcon.colcon_core.shell:Skip shell extension 'powershell' for command environment: Not usable outside of PowerShell
[2.396s] DEBUG:colcon.colcon_core.shell:Skip shell extension 'dsv' for command environment
[2.466s] INFO:colcon.colcon_ros.task.ament_python.build:Building ROS package in '/home/user/ros2_ws/src/localization_server' with build type 'ament_python'
[2.466s] Level 1:colcon.colcon_core.shell:create_environment_hook('localization_server', 'ament_prefix_path')
[2.492s] INFO:colcon.colcon_core.shell:Creating environment hook '/home/user/ros2_ws/install/localization_server/share/localization_server/hook/ament_prefix_path.ps1'
[2.492s] INFO:colcon.colcon_core.shell:Creating environment descriptor '/home/user/ros2_ws/install/localization_server/share/localization_server/hook/ament_prefix_path.dsv'
[2.493s] INFO:colcon.colcon_core.shell:Creating environment hook '/home/user/ros2_ws/install/localization_server/share/localization_server/hook/ament_prefix_path.sh'
[2.512s] INFO:colcon.colcon_core.shell:Skip shell extension 'powershell' for command environment: Not usable outside of PowerShell
[2.512s] DEBUG:colcon.colcon_core.shell:Skip shell extension 'dsv' for command environment
[2.587s] INFO:colcon.colcon_ros.task.ament_python.build:Building ROS package in '/home/user/ros2_ws/src/map_server' with build type 'ament_python'
[2.588s] Level 1:colcon.colcon_core.shell:create_environment_hook('map_server', 'ament_prefix_path')
[2.605s] INFO:colcon.colcon_core.shell:Creating environment hook '/home/user/ros2_ws/install/map_server/share/map_server/hook/ament_prefix_path.ps1'
[2.605s] INFO:colcon.colcon_core.shell:Creating environment descriptor '/home/user/ros2_ws/install/map_server/share/map_server/hook/ament_prefix_path.dsv'
[2.606s] INFO:colcon.colcon_core.shell:Creating environment hook '/home/user/ros2_ws/install/map_server/share/map_server/hook/ament_prefix_path.sh'
[2.630s] INFO:colcon.colcon_core.shell:Skip shell extension 'powershell' for command environment: Not usable outside of PowerShell
[2.630s] DEBUG:colcon.colcon_core.shell:Skip shell extension 'dsv' for command environment
[2.699s] INFO:colcon.colcon_ros.task.ament_cmake.build:Building ROS package in '/home/user/ros2_ws/src/ros2_nav_files/nav2_course' with build type 'ament_cmake'
[2.699s] INFO:colcon.colcon_cmake.task.cmake.build:Building CMake package in '/home/user/ros2_ws/src/ros2_nav_files/nav2_course'
[2.728s] INFO:colcon.colcon_core.shell:Skip shell extension 'powershell' for command environment: Not usable outside of PowerShell
[2.728s] DEBUG:colcon.colcon_core.shell:Skip shell extension 'dsv' for command environment
[2.794s] INFO:colcon.colcon_ros.task.ament_python.build:Building ROS package in '/home/user/ros2_ws/src/ros2_nav_files/nav2_project' with build type 'ament_python'
[2.794s] Level 1:colcon.colcon_core.shell:create_environment_hook('nav2_project', 'ament_prefix_path')
[2.825s] INFO:colcon.colcon_core.shell:Creating environment hook '/home/user/ros2_ws/install/nav2_project/share/nav2_project/hook/ament_prefix_path.ps1'
[2.826s] INFO:colcon.colcon_core.shell:Creating environment descriptor '/home/user/ros2_ws/install/nav2_project/share/nav2_project/hook/ament_prefix_path.dsv'
[2.826s] INFO:colcon.colcon_core.shell:Creating environment hook '/home/user/ros2_ws/install/nav2_project/share/nav2_project/hook/ament_prefix_path.sh'
[2.852s] INFO:colcon.colcon_core.shell:Skip shell extension 'powershell' for command environment: Not usable outside of PowerShell
[2.852s] DEBUG:colcon.colcon_core.shell:Skip shell extension 'dsv' for command environment
[2.920s] INFO:colcon.colcon_ros.task.ament_python.build:Building ROS package in '/home/user/ros2_ws/src/path_planner_server' with build type 'ament_python'
[2.921s] Level 1:colcon.colcon_core.shell:create_environment_hook('path_planner_server', 'ament_prefix_path')
[2.949s] INFO:colcon.colcon_core.shell:Creating environment hook '/home/user/ros2_ws/install/path_planner_server/share/path_planner_server/hook/ament_prefix_path.ps1'
[2.950s] INFO:colcon.colcon_core.shell:Creating environment descriptor '/home/user/ros2_ws/install/path_planner_server/share/path_planner_server/hook/ament_prefix_path.dsv'
[2.951s] INFO:colcon.colcon_core.shell:Creating environment hook '/home/user/ros2_ws/install/path_planner_server/share/path_planner_server/hook/ament_prefix_path.sh'
[2.972s] INFO:colcon.colcon_core.shell:Skip shell extension 'powershell' for command environment: Not usable outside of PowerShell
[2.972s] DEBUG:colcon.colcon_core.shell:Skip shell extension 'dsv' for command environment
[3.452s] INFO:colcon.colcon_core.task.python.build:Building Python package in '/home/user/ros2_ws/src/cartographer_slam'
[3.477s] INFO:colcon.colcon_core.shell:Skip shell extension 'powershell' for command environment: Not usable outside of PowerShell
[3.477s] DEBUG:colcon.colcon_core.shell:Skip shell extension 'dsv' for command environment
[3.951s] INFO:colcon.colcon_core.task.python.build:Building Python package in '/home/user/ros2_ws/src/localization_server'
[3.976s] INFO:colcon.colcon_core.shell:Skip shell extension 'powershell' for command environment: Not usable outside of PowerShell
[3.976s] DEBUG:colcon.colcon_core.shell:Skip shell extension 'dsv' for command environment
[4.443s] INFO:colcon.colcon_core.task.python.build:Building Python package in '/home/user/ros2_ws/src/map_server'
[4.467s] INFO:colcon.colcon_core.shell:Skip shell extension 'powershell' for command environment: Not usable outside of PowerShell
[4.467s] DEBUG:colcon.colcon_core.shell:Skip shell extension 'dsv' for command environment
[4.545s] DEBUG:colcon.colcon_core.event_handler.log_command:Invoking command in '/home/user/ros2_ws/build/nav2_course': CMAKE_PREFIX_PATH=${CMAKE_PREFIX_PATH}:/home/user/ros2_ws/install/path_planner_server:/home/user/ros2_ws/install/nav2_project:/home/user/ros2_ws/install/map_server:/home/user/ros2_ws/install/localization_sever:/home/user/ros2_ws/install/localization_server2:/home/user/ros2_ws/install/localization_server:/home/user/ros2_ws/install/cartographer_slam _=/usr/bin/env /usr/bin/cmake --build /home/user/ros2_ws/build/nav2_course -- -j8 -l8
[4.975s] INFO:colcon.colcon_core.task.python.build:Building Python package in '/home/user/ros2_ws/src/ros2_nav_files/nav2_project'
[4.998s] INFO:colcon.colcon_core.shell:Skip shell extension 'powershell' for command environment: Not usable outside of PowerShell
[4.998s] DEBUG:colcon.colcon_core.shell:Skip shell extension 'dsv' for command environment
[5.486s] INFO:colcon.colcon_core.task.python.build:Building Python package in '/home/user/ros2_ws/src/path_planner_server'
[5.505s] INFO:colcon.colcon_core.shell:Skip shell extension 'powershell' for command environment: Not usable outside of PowerShell
[5.505s] DEBUG:colcon.colcon_core.shell:Skip shell extension 'dsv' for command environment
[5.593s] DEBUG:colcon.colcon_core.event_handler.log_command:Invoked command in '/home/user/ros2_ws/build/nav2_course' returned '0': CMAKE_PREFIX_PATH=${CMAKE_PREFIX_PATH}:/home/user/ros2_ws/install/path_planner_server:/home/user/ros2_ws/install/nav2_project:/home/user/ros2_ws/install/map_server:/home/user/ros2_ws/install/localization_sever:/home/user/ros2_ws/install/localization_server2:/home/user/ros2_ws/install/localization_server:/home/user/ros2_ws/install/cartographer_slam _=/usr/bin/env /usr/bin/cmake --build /home/user/ros2_ws/build/nav2_course -- -j8 -l8
[5.812s] DEBUG:colcon.colcon_core.event_handler.log_command:Invoking command in '/home/user/ros2_ws/build/nav2_course': CMAKE_PREFIX_PATH=${CMAKE_PREFIX_PATH}:/home/user/ros2_ws/install/path_planner_server:/home/user/ros2_ws/install/nav2_project:/home/user/ros2_ws/install/map_server:/home/user/ros2_ws/install/localization_sever:/home/user/ros2_ws/install/localization_server2:/home/user/ros2_ws/install/localization_server:/home/user/ros2_ws/install/cartographer_slam _=/usr/bin/env /usr/bin/cmake --install /home/user/ros2_ws/build/nav2_course
[5.833s] Level 1:colcon.colcon_core.environment:create_environment_scripts_only(nav2_course)
[5.837s] DEBUG:colcon.colcon_core.event_handler.log_command:Invoked command in '/home/user/ros2_ws/build/nav2_course' returned '0': CMAKE_PREFIX_PATH=${CMAKE_PREFIX_PATH}:/home/user/ros2_ws/install/path_planner_server:/home/user/ros2_ws/install/nav2_project:/home/user/ros2_ws/install/map_server:/home/user/ros2_ws/install/localization_sever:/home/user/ros2_ws/install/localization_server2:/home/user/ros2_ws/install/localization_server:/home/user/ros2_ws/install/cartographer_slam _=/usr/bin/env /usr/bin/cmake --install /home/user/ros2_ws/build/nav2_course
[5.920s] Level 1:colcon.colcon_core.environment:checking '/home/user/ros2_ws/install/nav2_course' for CMake module files
[5.921s] Level 1:colcon.colcon_core.environment:checking '/home/user/ros2_ws/install/nav2_course' for CMake config files
[5.921s] Level 1:colcon.colcon_core.shell:create_environment_hook('nav2_course', 'cmake_prefix_path')
[5.946s] INFO:colcon.colcon_core.shell:Creating environment hook '/home/user/ros2_ws/install/nav2_course/share/nav2_course/hook/cmake_prefix_path.ps1'
[5.947s] INFO:colcon.colcon_core.shell:Creating environment descriptor '/home/user/ros2_ws/install/nav2_course/share/nav2_course/hook/cmake_prefix_path.dsv'
[5.948s] INFO:colcon.colcon_core.shell:Creating environment hook '/home/user/ros2_ws/install/nav2_course/share/nav2_course/hook/cmake_prefix_path.sh'
[5.949s] Level 1:colcon.colcon_core.environment:checking '/home/user/ros2_ws/install/nav2_course/bin'
[5.950s] Level 1:colcon.colcon_core.environment:checking '/home/user/ros2_ws/install/nav2_course/lib/pkgconfig/nav2_course.pc'
[5.950s] Level 1:colcon.colcon_core.environment:checking '/home/user/ros2_ws/install/nav2_course/lib/python3.10/site-packages'
[5.951s] Level 1:colcon.colcon_core.environment:checking '/home/user/ros2_ws/install/nav2_course/bin'
[6.036s] INFO:colcon.colcon_core.shell:Creating package script '/home/user/ros2_ws/install/nav2_course/share/nav2_course/package.ps1'
[6.042s] INFO:colcon.colcon_core.shell:Creating package descriptor '/home/user/ros2_ws/install/nav2_course/share/nav2_course/package.dsv'
[6.043s] INFO:colcon.colcon_core.shell:Creating package script '/home/user/ros2_ws/install/nav2_course/share/nav2_course/package.sh'
[6.044s] INFO:colcon.colcon_core.shell:Creating package script '/home/user/ros2_ws/install/nav2_course/share/nav2_course/package.bash'
[6.046s] INFO:colcon.colcon_core.shell:Creating package script '/home/user/ros2_ws/install/nav2_course/share/nav2_course/package.zsh'
[6.047s] Level 1:colcon.colcon_core.environment:create_file_with_runtime_dependencies(/home/user/ros2_ws/install/nav2_course/share/colcon-core/packages/nav2_course)
[6.442s] Level 1:colcon.colcon_core.environment:create_environment_scripts_only(nav2_course)
[6.528s] Level 1:colcon.colcon_core.environment:checking '/home/user/ros2_ws/install/nav2_course' for CMake module files
[6.529s] Level 1:colcon.colcon_core.environment:checking '/home/user/ros2_ws/install/nav2_course' for CMake config files
[6.530s] Level 1:colcon.colcon_core.shell:create_environment_hook('nav2_course', 'cmake_prefix_path')
[6.624s] INFO:colcon.colcon_core.shell:Creating environment hook '/home/user/ros2_ws/install/nav2_course/share/nav2_course/hook/cmake_prefix_path.ps1'
[6.633s] INFO:colcon.colcon_core.shell:Creating environment descriptor '/home/user/ros2_ws/install/nav2_course/share/nav2_course/hook/cmake_prefix_path.dsv'
[6.634s] INFO:colcon.colcon_core.shell:Creating environment hook '/home/user/ros2_ws/install/nav2_course/share/nav2_course/hook/cmake_prefix_path.sh'
[6.634s] Level 1:colcon.colcon_core.environment:checking '/home/user/ros2_ws/install/nav2_course/bin'
[6.634s] Level 1:colcon.colcon_core.environment:checking '/home/user/ros2_ws/install/nav2_course/lib/pkgconfig/nav2_course.pc'
[6.635s] Level 1:colcon.colcon_core.environment:checking '/home/user/ros2_ws/install/nav2_course/lib/python3.10/site-packages'
[6.635s] Level 1:colcon.colcon_core.environment:checking '/home/user/ros2_ws/install/nav2_course/bin'
[6.752s] INFO:colcon.colcon_core.shell:Creating package script '/home/user/ros2_ws/install/nav2_course/share/nav2_course/package.ps1'
[6.754s] INFO:colcon.colcon_core.shell:Creating package descriptor '/home/user/ros2_ws/install/nav2_course/share/nav2_course/package.dsv'
[6.756s] INFO:colcon.colcon_core.shell:Creating package script '/home/user/ros2_ws/install/nav2_course/share/nav2_course/package.sh'
[6.758s] INFO:colcon.colcon_core.shell:Creating package script '/home/user/ros2_ws/install/nav2_course/share/nav2_course/package.bash'
[6.758s] INFO:colcon.colcon_core.shell:Creating package script '/home/user/ros2_ws/install/nav2_course/share/nav2_course/package.zsh'
[6.760s] Level 1:colcon.colcon_core.environment:create_file_with_runtime_dependencies(/home/user/ros2_ws/install/nav2_course/share/colcon-core/packages/nav2_course)
[6.934s] DEBUG:colcon.colcon_core.event_handler.log_command:Invoking command in '/home/user/ros2_ws/src/path_planner_server': PYTHONPATH=/home/user/ros2_ws/build/path_planner_server/prefix_override:/home/user/ros2_ws/install/path_planner_server/lib/python3.10/site-packages:${PYTHONPATH} _=/usr/bin/env /usr/bin/python3 setup.py egg_info --egg-base ../../build/path_planner_server build --build-base /home/user/ros2_ws/build/path_planner_server/build install --record /home/user/ros2_ws/build/path_planner_server/install.log --single-version-externally-managed
[7.233s] DEBUG:colcon.colcon_core.event_handler.log_command:Invoking command in '/home/user/ros2_ws/src/cartographer_slam': PYTHONPATH=/home/user/ros2_ws/build/cartographer_slam/prefix_override:/home/user/ros2_ws/install/cartographer_slam/lib/python3.10/site-packages:${PYTHONPATH} _=/usr/bin/env /usr/bin/python3 setup.py egg_info --egg-base ../../build/cartographer_slam build --build-base /home/user/ros2_ws/build/cartographer_slam/build install --record /home/user/ros2_ws/build/cartographer_slam/install.log --single-version-externally-managed
[7.333s] DEBUG:colcon.colcon_core.event_handler.log_command:Invoking command in '/home/user/ros2_ws/src/ros2_nav_files/nav2_project': PYTHONPATH=/home/user/ros2_ws/build/nav2_project/prefix_override:/home/user/ros2_ws/install/nav2_project/lib/python3.10/site-packages:${PYTHONPATH} _=/usr/bin/env /usr/bin/python3 setup.py egg_info --egg-base ../../../build/nav2_project build --build-base /home/user/ros2_ws/build/nav2_project/build install --record /home/user/ros2_ws/build/nav2_project/install.log --install-scripts $base/lib/nav2_project --single-version-externally-managed
[7.528s] DEBUG:colcon.colcon_core.event_handler.log_command:Invoking command in '/home/user/ros2_ws/src/map_server': PYTHONPATH=/home/user/ros2_ws/build/map_server/prefix_override:/home/user/ros2_ws/install/map_server/lib/python3.10/site-packages:${PYTHONPATH} _=/usr/bin/env /usr/bin/python3 setup.py egg_info --egg-base ../../build/map_server build --build-base /home/user/ros2_ws/build/map_server/build install --record /home/user/ros2_ws/build/map_server/install.log --single-version-externally-managed
[7.541s] DEBUG:colcon.colcon_core.event_handler.log_command:Invoking command in '/home/user/ros2_ws/src/localization_server': PYTHONPATH=/home/user/ros2_ws/build/localization_server/prefix_override:/home/user/ros2_ws/install/localization_server/lib/python3.10/site-packages:${PYTHONPATH} _=/usr/bin/env /usr/bin/python3 setup.py egg_info --egg-base ../../build/localization_server build --build-base /home/user/ros2_ws/build/localization_server/build install --record /home/user/ros2_ws/build/localization_server/install.log --single-version-externally-managed
[7.949s] DEBUG:colcon.colcon_core.event_handler.log_command:Invoked command in '/home/user/ros2_ws/src/path_planner_server' returned '0': PYTHONPATH=/home/user/ros2_ws/build/path_planner_server/prefix_override:/home/user/ros2_ws/install/path_planner_server/lib/python3.10/site-packages:${PYTHONPATH} _=/usr/bin/env /usr/bin/python3 setup.py egg_info --egg-base ../../build/path_planner_server build --build-base /home/user/ros2_ws/build/path_planner_server/build install --record /home/user/ros2_ws/build/path_planner_server/install.log --single-version-externally-managed
[8.024s] Level 1:colcon.colcon_core.environment:checking '/home/user/ros2_ws/install/path_planner_server' for CMake module files
[8.025s] Level 1:colcon.colcon_core.environment:checking '/home/user/ros2_ws/install/path_planner_server' for CMake config files
[8.025s] Level 1:colcon.colcon_core.environment:checking '/home/user/ros2_ws/install/path_planner_server/lib'
[8.026s] Level 1:colcon.colcon_core.environment:checking '/home/user/ros2_ws/install/path_planner_server/bin'
[8.026s] Level 1:colcon.colcon_core.environment:checking '/home/user/ros2_ws/install/path_planner_server/lib/pkgconfig/path_planner_server.pc'
[8.026s] Level 1:colcon.colcon_core.environment:checking '/home/user/ros2_ws/install/path_planner_server/lib/python3.10/site-packages'
[8.026s] Level 1:colcon.colcon_core.shell:create_environment_hook('path_planner_server', 'pythonpath')
[8.049s] INFO:colcon.colcon_core.shell:Creating environment hook '/home/user/ros2_ws/install/path_planner_server/share/path_planner_server/hook/pythonpath.ps1'
[8.051s] INFO:colcon.colcon_core.shell:Creating environment descriptor '/home/user/ros2_ws/install/path_planner_server/share/path_planner_server/hook/pythonpath.dsv'
[8.051s] INFO:colcon.colcon_core.shell:Creating environment hook '/home/user/ros2_ws/install/path_planner_server/share/path_planner_server/hook/pythonpath.sh'
[8.052s] Level 1:colcon.colcon_core.environment:checking '/home/user/ros2_ws/install/path_planner_server/bin'
[8.052s] Level 1:colcon.colcon_core.environment:create_environment_scripts_only(path_planner_server)
[8.138s] INFO:colcon.colcon_core.shell:Creating package script '/home/user/ros2_ws/install/path_planner_server/share/path_planner_server/package.ps1'
[8.139s] INFO:colcon.colcon_core.shell:Creating package descriptor '/home/user/ros2_ws/install/path_planner_server/share/path_planner_server/package.dsv'
[8.140s] INFO:colcon.colcon_core.shell:Creating package script '/home/user/ros2_ws/install/path_planner_server/share/path_planner_server/package.sh'
[8.140s] INFO:colcon.colcon_core.shell:Creating package script '/home/user/ros2_ws/install/path_planner_server/share/path_planner_server/package.bash'
[8.145s] INFO:colcon.colcon_core.shell:Creating package script '/home/user/ros2_ws/install/path_planner_server/share/path_planner_server/package.zsh'
[8.145s] Level 1:colcon.colcon_core.environment:create_file_with_runtime_dependencies(/home/user/ros2_ws/install/path_planner_server/share/colcon-core/packages/path_planner_server)
[8.325s] DEBUG:colcon.colcon_core.event_handler.log_command:Invoked command in '/home/user/ros2_ws/src/cartographer_slam' returned '0': PYTHONPATH=/home/user/ros2_ws/build/cartographer_slam/prefix_override:/home/user/ros2_ws/install/cartographer_slam/lib/python3.10/site-packages:${PYTHONPATH} _=/usr/bin/env /usr/bin/python3 setup.py egg_info --egg-base ../../build/cartographer_slam build --build-base /home/user/ros2_ws/build/cartographer_slam/build install --record /home/user/ros2_ws/build/cartographer_slam/install.log --single-version-externally-managed
[8.355s] Level 1:colcon.colcon_core.environment:checking '/home/user/ros2_ws/install/cartographer_slam' for CMake module files
[8.356s] Level 1:colcon.colcon_core.environment:checking '/home/user/ros2_ws/install/cartographer_slam' for CMake config files
[8.357s] Level 1:colcon.colcon_core.environment:checking '/home/user/ros2_ws/install/cartographer_slam/lib'
[8.357s] Level 1:colcon.colcon_core.environment:checking '/home/user/ros2_ws/install/cartographer_slam/bin'
[8.357s] Level 1:colcon.colcon_core.environment:checking '/home/user/ros2_ws/install/cartographer_slam/lib/pkgconfig/cartographer_slam.pc'
[8.358s] Level 1:colcon.colcon_core.environment:checking '/home/user/ros2_ws/install/cartographer_slam/lib/python3.10/site-packages'
[8.358s] Level 1:colcon.colcon_core.shell:create_environment_hook('cartographer_slam', 'pythonpath')
[8.435s] INFO:colcon.colcon_core.shell:Creating environment hook '/home/user/ros2_ws/install/cartographer_slam/share/cartographer_slam/hook/pythonpath.ps1'
[8.436s] INFO:colcon.colcon_core.shell:Creating environment descriptor '/home/user/ros2_ws/install/cartographer_slam/share/cartographer_slam/hook/pythonpath.dsv'
[8.437s] INFO:colcon.colcon_core.shell:Creating environment hook '/home/user/ros2_ws/install/cartographer_slam/share/cartographer_slam/hook/pythonpath.sh'
[8.438s] Level 1:colcon.colcon_core.environment:checking '/home/user/ros2_ws/install/cartographer_slam/bin'
[8.438s] Level 1:colcon.colcon_core.environment:create_environment_scripts_only(cartographer_slam)
[8.509s] INFO:colcon.colcon_core.shell:Creating package script '/home/user/ros2_ws/install/cartographer_slam/share/cartographer_slam/package.ps1'
[8.512s] INFO:colcon.colcon_core.shell:Creating package descriptor '/home/user/ros2_ws/install/cartographer_slam/share/cartographer_slam/package.dsv'
[8.513s] INFO:colcon.colcon_core.shell:Creating package script '/home/user/ros2_ws/install/cartographer_slam/share/cartographer_slam/package.sh'
[8.514s] INFO:colcon.colcon_core.shell:Creating package script '/home/user/ros2_ws/install/cartographer_slam/share/cartographer_slam/package.bash'
[8.515s] INFO:colcon.colcon_core.shell:Creating package script '/home/user/ros2_ws/install/cartographer_slam/share/cartographer_slam/package.zsh'
[8.515s] Level 1:colcon.colcon_core.environment:create_file_with_runtime_dependencies(/home/user/ros2_ws/install/cartographer_slam/share/colcon-core/packages/cartographer_slam)
[8.547s] DEBUG:colcon.colcon_core.event_handler.log_command:Invoked command in '/home/user/ros2_ws/src/ros2_nav_files/nav2_project' returned '0': PYTHONPATH=/home/user/ros2_ws/build/nav2_project/prefix_override:/home/user/ros2_ws/install/nav2_project/lib/python3.10/site-packages:${PYTHONPATH} _=/usr/bin/env /usr/bin/python3 setup.py egg_info --egg-base ../../../build/nav2_project build --build-base /home/user/ros2_ws/build/nav2_project/build install --record /home/user/ros2_ws/build/nav2_project/install.log --install-scripts $base/lib/nav2_project --single-version-externally-managed
[8.608s] Level 1:colcon.colcon_core.environment:checking '/home/user/ros2_ws/install/nav2_project' for CMake module files
[8.608s] Level 1:colcon.colcon_core.environment:checking '/home/user/ros2_ws/install/nav2_project' for CMake config files
[8.609s] Level 1:colcon.colcon_core.environment:checking '/home/user/ros2_ws/install/nav2_project/lib'
[8.609s] Level 1:colcon.colcon_core.environment:checking '/home/user/ros2_ws/install/nav2_project/bin'
[8.610s] Level 1:colcon.colcon_core.environment:checking '/home/user/ros2_ws/install/nav2_project/lib/pkgconfig/nav2_project.pc'
[8.610s] Level 1:colcon.colcon_core.environment:checking '/home/user/ros2_ws/install/nav2_project/lib/python3.10/site-packages'
[8.610s] Level 1:colcon.colcon_core.shell:create_environment_hook('nav2_project', 'pythonpath')
[8.647s] INFO:colcon.colcon_core.shell:Creating environment hook '/home/user/ros2_ws/install/nav2_project/share/nav2_project/hook/pythonpath.ps1'
[8.648s] INFO:colcon.colcon_core.shell:Creating environment descriptor '/home/user/ros2_ws/install/nav2_project/share/nav2_project/hook/pythonpath.dsv'
[8.649s] INFO:colcon.colcon_core.shell:Creating environment hook '/home/user/ros2_ws/install/nav2_project/share/nav2_project/hook/pythonpath.sh'
[8.649s] Level 1:colcon.colcon_core.environment:checking '/home/user/ros2_ws/install/nav2_project/bin'
[8.650s] Level 1:colcon.colcon_core.environment:create_environment_scripts_only(nav2_project)
[8.666s] INFO:colcon.colcon_core.shell:Creating package script '/home/user/ros2_ws/install/nav2_project/share/nav2_project/package.ps1'
[8.667s] INFO:colcon.colcon_core.shell:Creating package descriptor '/home/user/ros2_ws/install/nav2_project/share/nav2_project/package.dsv'
[8.668s] INFO:colcon.colcon_core.shell:Creating package script '/home/user/ros2_ws/install/nav2_project/share/nav2_project/package.sh'
[8.668s] INFO:colcon.colcon_core.shell:Creating package script '/home/user/ros2_ws/install/nav2_project/share/nav2_project/package.bash'
[8.669s] INFO:colcon.colcon_core.shell:Creating package script '/home/user/ros2_ws/install/nav2_project/share/nav2_project/package.zsh'
[8.669s] Level 1:colcon.colcon_core.environment:create_file_with_runtime_dependencies(/home/user/ros2_ws/install/nav2_project/share/colcon-core/packages/nav2_project)
[8.672s] DEBUG:colcon.colcon_core.event_handler.log_command:Invoked command in '/home/user/ros2_ws/src/localization_server' returned '0': PYTHONPATH=/home/user/ros2_ws/build/localization_server/prefix_override:/home/user/ros2_ws/install/localization_server/lib/python3.10/site-packages:${PYTHONPATH} _=/usr/bin/env /usr/bin/python3 setup.py egg_info --egg-base ../../build/localization_server build --build-base /home/user/ros2_ws/build/localization_server/build install --record /home/user/ros2_ws/build/localization_server/install.log --single-version-externally-managed
[8.701s] Level 1:colcon.colcon_core.environment:checking '/home/user/ros2_ws/install/localization_server' for CMake module files
[8.702s] Level 1:colcon.colcon_core.environment:checking '/home/user/ros2_ws/install/localization_server' for CMake config files
[8.703s] Level 1:colcon.colcon_core.environment:checking '/home/user/ros2_ws/install/localization_server/lib'
[8.703s] Level 1:colcon.colcon_core.environment:checking '/home/user/ros2_ws/install/localization_server/bin'
[8.703s] Level 1:colcon.colcon_core.environment:checking '/home/user/ros2_ws/install/localization_server/lib/pkgconfig/localization_server.pc'
[8.704s] Level 1:colcon.colcon_core.environment:checking '/home/user/ros2_ws/install/localization_server/lib/python3.10/site-packages'
[8.704s] Level 1:colcon.colcon_core.shell:create_environment_hook('localization_server', 'pythonpath')
[8.733s] INFO:colcon.colcon_core.shell:Creating environment hook '/home/user/ros2_ws/install/localization_server/share/localization_server/hook/pythonpath.ps1'
[8.733s] INFO:colcon.colcon_core.shell:Creating environment descriptor '/home/user/ros2_ws/install/localization_server/share/localization_server/hook/pythonpath.dsv'
[8.734s] INFO:colcon.colcon_core.shell:Creating environment hook '/home/user/ros2_ws/install/localization_server/share/localization_server/hook/pythonpath.sh'
[8.735s] Level 1:colcon.colcon_core.environment:checking '/home/user/ros2_ws/install/localization_server/bin'
[8.735s] Level 1:colcon.colcon_core.environment:create_environment_scripts_only(localization_server)
[8.755s] INFO:colcon.colcon_core.shell:Creating package script '/home/user/ros2_ws/install/localization_server/share/localization_server/package.ps1'
[8.756s] INFO:colcon.colcon_core.shell:Creating package descriptor '/home/user/ros2_ws/install/localization_server/share/localization_server/package.dsv'
[8.756s] INFO:colcon.colcon_core.shell:Creating package script '/home/user/ros2_ws/install/localization_server/share/localization_server/package.sh'
[8.757s] INFO:colcon.colcon_core.shell:Creating package script '/home/user/ros2_ws/install/localization_server/share/localization_server/package.bash'
[8.757s] INFO:colcon.colcon_core.shell:Creating package script '/home/user/ros2_ws/install/localization_server/share/localization_server/package.zsh'
[8.757s] Level 1:colcon.colcon_core.environment:create_file_with_runtime_dependencies(/home/user/ros2_ws/install/localization_server/share/colcon-core/packages/localization_server)
[8.759s] DEBUG:colcon.colcon_core.event_handler.log_command:Invoked command in '/home/user/ros2_ws/src/map_server' returned '0': PYTHONPATH=/home/user/ros2_ws/build/map_server/prefix_override:/home/user/ros2_ws/install/map_server/lib/python3.10/site-packages:${PYTHONPATH} _=/usr/bin/env /usr/bin/python3 setup.py egg_info --egg-base ../../build/map_server build --build-base /home/user/ros2_ws/build/map_server/build install --record /home/user/ros2_ws/build/map_server/install.log --single-version-externally-managed
[8.784s] Level 1:colcon.colcon_core.environment:checking '/home/user/ros2_ws/install/map_server' for CMake module files
[8.784s] Level 1:colcon.colcon_core.environment:checking '/home/user/ros2_ws/install/map_server' for CMake config files
[8.785s] Level 1:colcon.colcon_core.environment:checking '/home/user/ros2_ws/install/map_server/lib'
[8.785s] Level 1:colcon.colcon_core.environment:checking '/home/user/ros2_ws/install/map_server/bin'
[8.786s] Level 1:colcon.colcon_core.environment:checking '/home/user/ros2_ws/install/map_server/lib/pkgconfig/map_server.pc'
[8.786s] Level 1:colcon.colcon_core.environment:checking '/home/user/ros2_ws/install/map_server/lib/python3.10/site-packages'
[8.786s] Level 1:colcon.colcon_core.shell:create_environment_hook('map_server', 'pythonpath')
[8.809s] INFO:colcon.colcon_core.shell:Creating environment hook '/home/user/ros2_ws/install/map_server/share/map_server/hook/pythonpath.ps1'
[8.810s] INFO:colcon.colcon_core.shell:Creating environment descriptor '/home/user/ros2_ws/install/map_server/share/map_server/hook/pythonpath.dsv'
[8.810s] INFO:colcon.colcon_core.shell:Creating environment hook '/home/user/ros2_ws/install/map_server/share/map_server/hook/pythonpath.sh'
[8.811s] Level 1:colcon.colcon_core.environment:checking '/home/user/ros2_ws/install/map_server/bin'
[8.811s] Level 1:colcon.colcon_core.environment:create_environment_scripts_only(map_server)
[8.833s] INFO:colcon.colcon_core.shell:Creating package script '/home/user/ros2_ws/install/map_server/share/map_server/package.ps1'
[8.833s] INFO:colcon.colcon_core.shell:Creating package descriptor '/home/user/ros2_ws/install/map_server/share/map_server/package.dsv'
[8.834s] INFO:colcon.colcon_core.shell:Creating package script '/home/user/ros2_ws/install/map_server/share/map_server/package.sh'
[8.835s] INFO:colcon.colcon_core.shell:Creating package script '/home/user/ros2_ws/install/map_server/share/map_server/package.bash'
[8.835s] INFO:colcon.colcon_core.shell:Creating package script '/home/user/ros2_ws/install/map_server/share/map_server/package.zsh'
[8.835s] Level 1:colcon.colcon_core.environment:create_file_with_runtime_dependencies(/home/user/ros2_ws/install/map_server/share/colcon-core/packages/map_server)
[8.836s] DEBUG:colcon.colcon_parallel_executor.executor.parallel:closing loop
[8.836s] DEBUG:colcon.colcon_parallel_executor.executor.parallel:loop closed
[8.836s] DEBUG:colcon.colcon_parallel_executor.executor.parallel:run_until_complete finished with '0'
[8.837s] DEBUG:colcon.colcon_core.event_reactor:joining thread
[8.875s] INFO:colcon.colcon_core.plugin_system:Skipping extension 'colcon_notification.desktop_notification.notify_send': Could not find 'notify-send'
[8.875s] INFO:colcon.colcon_core.plugin_system:Skipping extension 'colcon_notification.desktop_notification.terminal_notifier': Not used on non-Darwin systems
[8.875s] INFO:colcon.colcon_core.plugin_system:Skipping extension 'colcon_notification.desktop_notification.win32': Not used on non-Windows systems
[8.875s] INFO:colcon.colcon_notification.desktop_notification:Sending desktop notification using 'notify2'
[8.878s] DEBUG:colcon.colcon_notification.desktop_notification.notify2:Failed to initialize notify2: org.freedesktop.DBus.Error.Spawn.ExecFailed: /usr/bin/dbus-launch terminated abnormally without any error message
[8.878s] DEBUG:colcon.colcon_core.event_reactor:joined thread
[8.913s] INFO:colcon.colcon_core.shell:Creating prefix script '/home/user/ros2_ws/install/local_setup.ps1'
[8.915s] INFO:colcon.colcon_core.shell:Creating prefix util module '/home/user/ros2_ws/install/_local_setup_util_ps1.py'
[8.917s] INFO:colcon.colcon_core.shell:Creating prefix chain script '/home/user/ros2_ws/install/setup.ps1'
[8.944s] INFO:colcon.colcon_core.shell:Creating prefix script '/home/user/ros2_ws/install/local_setup.sh'
[8.945s] INFO:colcon.colcon_core.shell:Creating prefix util module '/home/user/ros2_ws/install/_local_setup_util_sh.py'
[8.946s] INFO:colcon.colcon_core.shell:Creating prefix chain script '/home/user/ros2_ws/install/setup.sh'
[8.972s] INFO:colcon.colcon_core.shell:Creating prefix script '/home/user/ros2_ws/install/local_setup.bash'
[8.973s] INFO:colcon.colcon_core.shell:Creating prefix chain script '/home/user/ros2_ws/install/setup.bash'
[9.000s] INFO:colcon.colcon_core.shell:Creating prefix script '/home/user/ros2_ws/install/local_setup.zsh'
[9.001s] INFO:colcon.colcon_core.shell:Creating prefix chain script '/home/user/ros2_ws/install/setup.zsh'
