[1.976s] Invoking command in '/home/user/ros2_ws/src/localization_server2': PYTHONPATH=/home/user/ros2_ws/build/localization_server2/prefix_override:/home/user/ros2_ws/install/localization_server2/lib/python3.10/site-packages:${PYTHONPATH} _=/usr/bin/env /usr/bin/python3 setup.py egg_info --egg-base ../../build/localization_server2 build --build-base /home/user/ros2_ws/build/localization_server2/build install --record /home/user/ros2_ws/build/localization_server2/install.log --single-version-externally-managed
[2.406s] running egg_info
[2.407s] creating ../../build/localization_server2/localization_server2.egg-info
[2.407s] writing ../../build/localization_server2/localization_server2.egg-info/PKG-INFO
[2.407s] writing dependency_links to ../../build/localization_server2/localization_server2.egg-info/dependency_links.txt
[2.408s] writing entry points to ../../build/localization_server2/localization_server2.egg-info/entry_points.txt
[2.408s] writing requirements to ../../build/localization_server2/localization_server2.egg-info/requires.txt
[2.408s] writing top-level names to ../../build/localization_server2/localization_server2.egg-info/top_level.txt
[2.408s] writing manifest file '../../build/localization_server2/localization_server2.egg-info/SOURCES.txt'
[2.410s] reading manifest file '../../build/localization_server2/localization_server2.egg-info/SOURCES.txt'
[2.411s] writing manifest file '../../build/localization_server2/localization_server2.egg-info/SOURCES.txt'
[2.411s] running build
[2.411s] running build_py
[2.411s] creating /home/user/ros2_ws/build/localization_server2/build
[2.412s] creating /home/user/ros2_ws/build/localization_server2/build/lib
[2.412s] creating /home/user/ros2_ws/build/localization_server2/build/lib/localization_server2
[2.412s] copying localization_server2/__init__.py -> /home/user/ros2_ws/build/localization_server2/build/lib/localization_server2
[2.412s] running install
[2.413s] /usr/lib/python3/dist-packages/setuptools/command/install.py:34: SetuptoolsDeprecationWarning: setup.py install is deprecated. Use build and pip and other standards-based tools.
[2.413s]   warnings.warn(
[2.413s] running install_lib
[2.415s] creating /home/user/ros2_ws/install/localization_server2/lib/python3.10/site-packages/localization_server2
[2.415s] copying /home/user/ros2_ws/build/localization_server2/build/lib/localization_server2/__init__.py -> /home/user/ros2_ws/install/localization_server2/lib/python3.10/site-packages/localization_server2
[2.415s] byte-compiling /home/user/ros2_ws/install/localization_server2/lib/python3.10/site-packages/localization_server2/__init__.py to __init__.cpython-310.pyc
[2.416s] running install_data
[2.417s] creating /home/user/ros2_ws/install/localization_server2/share/ament_index
[2.417s] creating /home/user/ros2_ws/install/localization_server2/share/ament_index/resource_index
[2.417s] creating /home/user/ros2_ws/install/localization_server2/share/ament_index/resource_index/packages
[2.417s] copying resource/localization_server2 -> /home/user/ros2_ws/install/localization_server2/share/ament_index/resource_index/packages
[2.417s] copying package.xml -> /home/user/ros2_ws/install/localization_server2/share/localization_server2
[2.417s] running install_egg_info
[2.420s] Copying ../../build/localization_server2/localization_server2.egg-info to /home/user/ros2_ws/install/localization_server2/lib/python3.10/site-packages/localization_server2-0.0.0-py3.10.egg-info
[2.421s] running install_scripts
[2.454s] writing list of installed files to '/home/user/ros2_ws/build/localization_server2/install.log'
[2.514s] Invoked command in '/home/user/ros2_ws/src/localization_server2' returned '0': PYTHONPATH=/home/user/ros2_ws/build/localization_server2/prefix_override:/home/user/ros2_ws/install/localization_server2/lib/python3.10/site-packages:${PYTHONPATH} _=/usr/bin/env /usr/bin/python3 setup.py egg_info --egg-base ../../build/localization_server2 build --build-base /home/user/ros2_ws/build/localization_server2/build install --record /home/user/ros2_ws/build/localization_server2/install.log --single-version-externally-managed
