[3.757s] Invoking command in '/home/user/ros2_ws/src/localization_server': PYTHONPATH=/home/user/ros2_ws/build/localization_server/prefix_override:/home/user/ros2_ws/install/localization_server/lib/python3.10/site-packages:${PYTHONPATH} _=/usr/bin/env /usr/bin/python3 setup.py egg_info --egg-base ../../build/localization_server build --build-base /home/user/ros2_ws/build/localization_server/build install --record /home/user/ros2_ws/build/localization_server/install.log --single-version-externally-managed
[4.721s] running egg_info
[4.723s] writing ../../build/localization_server/localization_server.egg-info/PKG-INFO
[4.723s] writing dependency_links to ../../build/localization_server/localization_server.egg-info/dependency_links.txt
[4.724s] writing entry points to ../../build/localization_server/localization_server.egg-info/entry_points.txt
[4.724s] writing requirements to ../../build/localization_server/localization_server.egg-info/requires.txt
[4.724s] writing top-level names to ../../build/localization_server/localization_server.egg-info/top_level.txt
[4.727s] reading manifest file '../../build/localization_server/localization_server.egg-info/SOURCES.txt'
[4.728s] writing manifest file '../../build/localization_server/localization_server.egg-info/SOURCES.txt'
[4.728s] running build
[4.728s] running build_py
[4.729s] running install
[4.729s] /usr/lib/python3/dist-packages/setuptools/command/install.py:34: SetuptoolsDeprecationWarning: setup.py install is deprecated. Use build and pip and other standards-based tools.
[4.729s]   warnings.warn(
[4.729s] running install_lib
[4.731s] running install_data
[4.732s] running install_egg_info
[4.734s] removing '/home/user/ros2_ws/install/localization_server/lib/python3.10/site-packages/localization_server-0.0.0-py3.10.egg-info' (and everything under it)
[4.734s] Copying ../../build/localization_server/localization_server.egg-info to /home/user/ros2_ws/install/localization_server/lib/python3.10/site-packages/localization_server-0.0.0-py3.10.egg-info
[4.736s] running install_scripts
[4.829s] Installing initial_pose_pub script to /home/user/ros2_ws/install/localization_server/lib/localization_server
[4.830s] writing list of installed files to '/home/user/ros2_ws/build/localization_server/install.log'
[5.053s] Invoked command in '/home/user/ros2_ws/src/localization_server' returned '0': PYTHONPATH=/home/user/ros2_ws/build/localization_server/prefix_override:/home/user/ros2_ws/install/localization_server/lib/python3.10/site-packages:${PYTHONPATH} _=/usr/bin/env /usr/bin/python3 setup.py egg_info --egg-base ../../build/localization_server build --build-base /home/user/ros2_ws/build/localization_server/build install --record /home/user/ros2_ws/build/localization_server/install.log --single-version-externally-managed
