[0.796s] Invoking command in '/home/user/ros2_ws/src/map_server': PYTHONPATH=/home/user/ros2_ws/build/map_server/prefix_override:/home/user/ros2_ws/install/map_server/lib/python3.10/site-packages:${PYTHONPATH} _=/usr/bin/env /usr/bin/python3 setup.py egg_info --egg-base ../../build/map_server build --build-base /home/user/ros2_ws/build/map_server/build install --record /home/user/ros2_ws/build/map_server/install.log --single-version-externally-managed
[1.051s] running egg_info
[1.051s] writing ../../build/map_server/map_server.egg-info/PKG-INFO
[1.052s] writing dependency_links to ../../build/map_server/map_server.egg-info/dependency_links.txt
[1.053s] writing entry points to ../../build/map_server/map_server.egg-info/entry_points.txt
[1.053s] writing requirements to ../../build/map_server/map_server.egg-info/requires.txt
[1.053s] writing top-level names to ../../build/map_server/map_server.egg-info/top_level.txt
[1.054s] reading manifest file '../../build/map_server/map_server.egg-info/SOURCES.txt'
[1.055s] writing manifest file '../../build/map_server/map_server.egg-info/SOURCES.txt'
[1.055s] running build
[1.055s] running build_py
[1.056s] running install
[1.056s] /usr/lib/python3/dist-packages/setuptools/command/install.py:34: SetuptoolsDeprecationWarning: setup.py install is deprecated. Use build and pip and other standards-based tools.
[1.056s]   warnings.warn(
[1.056s] running install_lib
[1.057s] running install_data
[1.058s] running install_egg_info
[1.059s] removing '/home/user/ros2_ws/install/map_server/lib/python3.10/site-packages/map_server-0.0.0-py3.10.egg-info' (and everything under it)
[1.059s] Copying ../../build/map_server/map_server.egg-info to /home/user/ros2_ws/install/map_server/lib/python3.10/site-packages/map_server-0.0.0-py3.10.egg-info
[1.060s] running install_scripts
[1.082s] writing list of installed files to '/home/user/ros2_ws/build/map_server/install.log'
[1.106s] Invoked command in '/home/user/ros2_ws/src/map_server' returned '0': PYTHONPATH=/home/user/ros2_ws/build/map_server/prefix_override:/home/user/ros2_ws/install/map_server/lib/python3.10/site-packages:${PYTHONPATH} _=/usr/bin/env /usr/bin/python3 setup.py egg_info --egg-base ../../build/map_server build --build-base /home/user/ros2_ws/build/map_server/build install --record /home/user/ros2_ws/build/map_server/install.log --single-version-externally-managed
