[3.255s] Invoking command in '/home/user/ros2_ws/src/map_server': PYTHONPATH=/home/user/ros2_ws/build/map_server/prefix_override:/home/user/ros2_ws/install/map_server/lib/python3.10/site-packages:${PYTHONPATH} _=/usr/bin/env /usr/bin/python3 setup.py egg_info --egg-base ../../build/map_server build --build-base /home/user/ros2_ws/build/map_server/build install --record /home/user/ros2_ws/build/map_server/install.log --single-version-externally-managed
[3.952s] running egg_info
[3.953s] writing ../../build/map_server/map_server.egg-info/PKG-INFO
[3.953s] writing dependency_links to ../../build/map_server/map_server.egg-info/dependency_links.txt
[3.953s] writing entry points to ../../build/map_server/map_server.egg-info/entry_points.txt
[3.953s] writing requirements to ../../build/map_server/map_server.egg-info/requires.txt
[3.953s] writing top-level names to ../../build/map_server/map_server.egg-info/top_level.txt
[3.953s] reading manifest file '../../build/map_server/map_server.egg-info/SOURCES.txt'
[3.954s] writing manifest file '../../build/map_server/map_server.egg-info/SOURCES.txt'
[3.954s] running build
[3.954s] running build_py
[3.954s] running install
[3.954s] running install_lib
[3.954s] running install_data
[3.954s] /usr/lib/python3/dist-packages/setuptools/command/install.py:34: SetuptoolsDeprecationWarning: setup.py install is deprecated. Use build and pip and other standards-based tools.
[3.955s]   warnings.warn(
[3.955s] running install_egg_info
[3.955s] removing '/home/user/ros2_ws/install/map_server/lib/python3.10/site-packages/map_server-0.0.0-py3.10.egg-info' (and everything under it)
[3.955s] Copying ../../build/map_server/map_server.egg-info to /home/user/ros2_ws/install/map_server/lib/python3.10/site-packages/map_server-0.0.0-py3.10.egg-info
[3.956s] running install_scripts
[3.978s] writing list of installed files to '/home/user/ros2_ws/build/map_server/install.log'
[4.209s] Invoked command in '/home/user/ros2_ws/src/map_server' returned '0': PYTHONPATH=/home/user/ros2_ws/build/map_server/prefix_override:/home/user/ros2_ws/install/map_server/lib/python3.10/site-packages:${PYTHONPATH} _=/usr/bin/env /usr/bin/python3 setup.py egg_info --egg-base ../../build/map_server build --build-base /home/user/ros2_ws/build/map_server/build install --record /home/user/ros2_ws/build/map_server/install.log --single-version-externally-managed
