[0.737s] Invoking command in '/home/user/ros2_ws/src/cartographer_slam': PYTHONPATH=/home/user/ros2_ws/build/cartographer_slam/prefix_override:/home/user/ros2_ws/install/cartographer_slam/lib/python3.10/site-packages:${PYTHONPATH} _=/usr/bin/env /usr/bin/python3 setup.py egg_info --egg-base ../../build/cartographer_slam build --build-base /home/user/ros2_ws/build/cartographer_slam/build install --record /home/user/ros2_ws/build/cartographer_slam/install.log --single-version-externally-managed
[0.980s] running egg_info
[0.980s] writing ../../build/cartographer_slam/cartographer_slam.egg-info/PKG-INFO
[0.982s] writing dependency_links to ../../build/cartographer_slam/cartographer_slam.egg-info/dependency_links.txt
[0.982s] writing entry points to ../../build/cartographer_slam/cartographer_slam.egg-info/entry_points.txt
[0.983s] writing requirements to ../../build/cartographer_slam/cartographer_slam.egg-info/requires.txt
[0.983s] writing top-level names to ../../build/cartographer_slam/cartographer_slam.egg-info/top_level.txt
[0.985s] reading manifest file '../../build/cartographer_slam/cartographer_slam.egg-info/SOURCES.txt'
[0.986s] writing manifest file '../../build/cartographer_slam/cartographer_slam.egg-info/SOURCES.txt'
[0.986s] running build
[0.986s] running build_py
[0.986s] copying cartographer_slam/__init__.py -> /home/user/ros2_ws/build/cartographer_slam/build/lib/cartographer_slam
[0.986s] running install
[0.986s] /usr/lib/python3/dist-packages/setuptools/command/install.py:34: SetuptoolsDeprecationWarning: setup.py install is deprecated. Use build and pip and other standards-based tools.
[0.986s]   warnings.warn(
[0.987s] running install_lib
[0.987s] copying /home/user/ros2_ws/build/cartographer_slam/build/lib/cartographer_slam/__init__.py -> /home/user/ros2_ws/install/cartographer_slam/lib/python3.10/site-packages/cartographer_slam
[0.988s] byte-compiling /home/user/ros2_ws/install/cartographer_slam/lib/python3.10/site-packages/cartographer_slam/__init__.py to __init__.cpython-310.pyc
[0.988s] running install_data
[0.989s] copying resource/cartographer_slam -> /home/user/ros2_ws/install/cartographer_slam/share/ament_index/resource_index/packages
[0.989s] copying package.xml -> /home/user/ros2_ws/install/cartographer_slam/share/cartographer_slam
[0.989s] copying launch/cartographer.launch.py -> /home/user/ros2_ws/install/cartographer_slam/share/cartographer_slam/launch
[0.989s] running install_egg_info
[0.991s] removing '/home/user/ros2_ws/install/cartographer_slam/lib/python3.10/site-packages/cartographer_slam-0.0.0-py3.10.egg-info' (and everything under it)
[0.991s] Copying ../../build/cartographer_slam/cartographer_slam.egg-info to /home/user/ros2_ws/install/cartographer_slam/lib/python3.10/site-packages/cartographer_slam-0.0.0-py3.10.egg-info
[0.992s] running install_scripts
[1.014s] writing list of installed files to '/home/user/ros2_ws/build/cartographer_slam/install.log'
[1.039s] Invoked command in '/home/user/ros2_ws/src/cartographer_slam' returned '0': PYTHONPATH=/home/user/ros2_ws/build/cartographer_slam/prefix_override:/home/user/ros2_ws/install/cartographer_slam/lib/python3.10/site-packages:${PYTHONPATH} _=/usr/bin/env /usr/bin/python3 setup.py egg_info --egg-base ../../build/cartographer_slam build --build-base /home/user/ros2_ws/build/cartographer_slam/build install --record /home/user/ros2_ws/build/cartographer_slam/install.log --single-version-externally-managed
