running egg_info
creating ../../build/localization_sever/localization_sever.egg-info
writing ../../build/localization_sever/localization_sever.egg-info/PKG-INFO
writing dependency_links to ../../build/localization_sever/localization_sever.egg-info/dependency_links.txt
writing entry points to ../../build/localization_sever/localization_sever.egg-info/entry_points.txt
writing requirements to ../../build/localization_sever/localization_sever.egg-info/requires.txt
writing top-level names to ../../build/localization_sever/localization_sever.egg-info/top_level.txt
writing manifest file '../../build/localization_sever/localization_sever.egg-info/SOURCES.txt'
reading manifest file '../../build/localization_sever/localization_sever.egg-info/SOURCES.txt'
writing manifest file '../../build/localization_sever/localization_sever.egg-info/SOURCES.txt'
running build
running build_py
creating /home/user/ros2_ws/build/localization_sever/build
creating /home/user/ros2_ws/build/localization_sever/build/lib
creating /home/user/ros2_ws/build/localization_sever/build/lib/localization_sever
copying localization_sever/__init__.py -> /home/user/ros2_ws/build/localization_sever/build/lib/localization_sever
running install
running install_lib
creating /home/user/ros2_ws/install/localization_sever/lib/python3.10/site-packages/localization_sever
copying /home/user/ros2_ws/build/localization_sever/build/lib/localization_sever/__init__.py -> /home/user/ros2_ws/install/localization_sever/lib/python3.10/site-packages/localization_sever
byte-compiling /home/user/ros2_ws/install/localization_sever/lib/python3.10/site-packages/localization_sever/__init__.py to __init__.cpython-310.pyc
running install_data
creating /home/user/ros2_ws/install/localization_sever/share/ament_index
creating /home/user/ros2_ws/install/localization_sever/share/ament_index/resource_index
creating /home/user/ros2_ws/install/localization_sever/share/ament_index/resource_index/packages
copying resource/localization_sever -> /home/user/ros2_ws/install/localization_sever/share/ament_index/resource_index/packages
copying package.xml -> /home/user/ros2_ws/install/localization_sever/share/localization_sever
creating /home/user/ros2_ws/install/localization_sever/share/localization_sever/launch
copying launch/localization.launch.py -> /home/user/ros2_ws/install/localization_sever/share/localization_sever/launch
creating /home/user/ros2_ws/install/localization_sever/share/localization_sever/config
running install_egg_info
Copying ../../build/localization_sever/localization_sever.egg-info to /home/user/ros2_ws/install/localization_sever/lib/python3.10/site-packages/localization_sever-0.0.0-py3.10.egg-info
running install_scripts
writing list of installed files to '/home/user/ros2_ws/build/localization_sever/install.log'
