[2.533s] Invoking command in '/home/user/ros2_ws/src/localization_sever': PYTHONPATH=/home/user/ros2_ws/build/localization_sever/prefix_override:/home/user/ros2_ws/install/localization_sever/lib/python3.10/site-packages:${PYTHONPATH} _=/usr/bin/env /usr/bin/python3 setup.py egg_info --egg-base ../../build/localization_sever build --build-base /home/user/ros2_ws/build/localization_sever/build install --record /home/user/ros2_ws/build/localization_sever/install.log --single-version-externally-managed
[3.132s] running egg_info
[3.132s] creating ../../build/localization_sever/localization_sever.egg-info
[3.133s] writing ../../build/localization_sever/localization_sever.egg-info/PKG-INFO
[3.133s] writing dependency_links to ../../build/localization_sever/localization_sever.egg-info/dependency_links.txt
[3.133s] writing entry points to ../../build/localization_sever/localization_sever.egg-info/entry_points.txt
[3.133s] writing requirements to ../../build/localization_sever/localization_sever.egg-info/requires.txt
[3.133s] writing top-level names to ../../build/localization_sever/localization_sever.egg-info/top_level.txt
[3.133s] writing manifest file '../../build/localization_sever/localization_sever.egg-info/SOURCES.txt'
[3.133s] reading manifest file '../../build/localization_sever/localization_sever.egg-info/SOURCES.txt'
[3.136s] /usr/lib/python3/dist-packages/setuptools/command/install.py:34: SetuptoolsDeprecationWarning: setup.py install is deprecated. Use build and pip and other standards-based tools.
[3.136s]   warnings.warn(
[3.137s] writing manifest file '../../build/localization_sever/localization_sever.egg-info/SOURCES.txt'
[3.137s] running build
[3.137s] running build_py
[3.137s] creating /home/user/ros2_ws/build/localization_sever/build
[3.137s] creating /home/user/ros2_ws/build/localization_sever/build/lib
[3.137s] creating /home/user/ros2_ws/build/localization_sever/build/lib/localization_sever
[3.137s] copying localization_sever/__init__.py -> /home/user/ros2_ws/build/localization_sever/build/lib/localization_sever
[3.137s] running install
[3.138s] running install_lib
[3.138s] creating /home/user/ros2_ws/install/localization_sever/lib/python3.10/site-packages/localization_sever
[3.138s] copying /home/user/ros2_ws/build/localization_sever/build/lib/localization_sever/__init__.py -> /home/user/ros2_ws/install/localization_sever/lib/python3.10/site-packages/localization_sever
[3.138s] byte-compiling /home/user/ros2_ws/install/localization_sever/lib/python3.10/site-packages/localization_sever/__init__.py to __init__.cpython-310.pyc
[3.139s] running install_data
[3.139s] creating /home/user/ros2_ws/install/localization_sever/share/ament_index
[3.139s] creating /home/user/ros2_ws/install/localization_sever/share/ament_index/resource_index
[3.140s] creating /home/user/ros2_ws/install/localization_sever/share/ament_index/resource_index/packages
[3.140s] copying resource/localization_sever -> /home/user/ros2_ws/install/localization_sever/share/ament_index/resource_index/packages
[3.140s] copying package.xml -> /home/user/ros2_ws/install/localization_sever/share/localization_sever
[3.140s] creating /home/user/ros2_ws/install/localization_sever/share/localization_sever/launch
[3.140s] copying launch/localization.launch.py -> /home/user/ros2_ws/install/localization_sever/share/localization_sever/launch
[3.140s] creating /home/user/ros2_ws/install/localization_sever/share/localization_sever/config
[3.140s] running install_egg_info
[3.142s] Copying ../../build/localization_sever/localization_sever.egg-info to /home/user/ros2_ws/install/localization_sever/lib/python3.10/site-packages/localization_sever-0.0.0-py3.10.egg-info
[3.144s] running install_scripts
[3.199s] writing list of installed files to '/home/user/ros2_ws/build/localization_sever/install.log'
[3.281s] Invoked command in '/home/user/ros2_ws/src/localization_sever' returned '0': PYTHONPATH=/home/user/ros2_ws/build/localization_sever/prefix_override:/home/user/ros2_ws/install/localization_sever/lib/python3.10/site-packages:${PYTHONPATH} _=/usr/bin/env /usr/bin/python3 setup.py egg_info --egg-base ../../build/localization_sever build --build-base /home/user/ros2_ws/build/localization_sever/build install --record /home/user/ros2_ws/build/localization_sever/install.log --single-version-externally-managed
