[3.324s] Invoking command in '/home/user/ros2_ws/src/localization_server': PYTHONPATH=/home/user/ros2_ws/build/localization_server/prefix_override:/home/user/ros2_ws/install/localization_server/lib/python3.10/site-packages:${PYTHONPATH} _=/usr/bin/env /usr/bin/python3 setup.py egg_info --egg-base ../../build/localization_server build --build-base /home/user/ros2_ws/build/localization_server/build install --record /home/user/ros2_ws/build/localization_server/install.log --single-version-externally-managed
[4.227s] running egg_info
[4.228s] writing ../../build/localization_server/localization_server.egg-info/PKG-INFO
[4.228s] writing dependency_links to ../../build/localization_server/localization_server.egg-info/dependency_links.txt
[4.228s] writing entry points to ../../build/localization_server/localization_server.egg-info/entry_points.txt
[4.229s] writing requirements to ../../build/localization_server/localization_server.egg-info/requires.txt
[4.229s] writing top-level names to ../../build/localization_server/localization_server.egg-info/top_level.txt
[4.235s] reading manifest file '../../build/localization_server/localization_server.egg-info/SOURCES.txt'
[4.236s] writing manifest file '../../build/localization_server/localization_server.egg-info/SOURCES.txt'
[4.236s] running build
[4.237s] running build_py
[4.237s] running install
[4.237s] /usr/lib/python3/dist-packages/setuptools/command/install.py:34: SetuptoolsDeprecationWarning: setup.py install is deprecated. Use build and pip and other standards-based tools.
[4.237s]   warnings.warn(
[4.237s] running install_lib
[4.238s] running install_data
[4.239s] running install_egg_info
[4.243s] removing '/home/user/ros2_ws/install/localization_server/lib/python3.10/site-packages/localization_server-0.0.0-py3.10.egg-info' (and everything under it)
[4.243s] Copying ../../build/localization_server/localization_server.egg-info to /home/user/ros2_ws/install/localization_server/lib/python3.10/site-packages/localization_server-0.0.0-py3.10.egg-info
[4.245s] running install_scripts
[4.338s] Installing initial_pose_pub script to /home/user/ros2_ws/install/localization_server/lib/localization_server
[4.338s] writing list of installed files to '/home/user/ros2_ws/build/localization_server/install.log'
[4.438s] Invoked command in '/home/user/ros2_ws/src/localization_server' returned '0': PYTHONPATH=/home/user/ros2_ws/build/localization_server/prefix_override:/home/user/ros2_ws/install/localization_server/lib/python3.10/site-packages:${PYTHONPATH} _=/usr/bin/env /usr/bin/python3 setup.py egg_info --egg-base ../../build/localization_server build --build-base /home/user/ros2_ws/build/localization_server/build install --record /home/user/ros2_ws/build/localization_server/install.log --single-version-externally-managed
